{"/Users/davidsanchez/Documents/GitHub/depurador-horas-streamlit/react-frontend/src/core/api/data/ApiService.ts": {"path":"/Users/davidsanchez/Documents/GitHub/depurador-horas-streamlit/react-frontend/src/core/api/data/ApiService.ts","statementMap":{"0":{"start":{"line":10,"column":16},"end":{"line":10,"column":null}},"1":{"start":{"line":11,"column":17},"end":{"line":11,"column":null}},"2":{"start":{"line":13,"column":25},"end":{"line":25,"column":null}},"3":{"start":{"line":14,"column":16},"end":{"line":14,"column":null}},"4":{"start":{"line":15,"column":4},"end":{"line":15,"column":null}},"5":{"start":{"line":15,"column":14},"end":{"line":15,"column":null}},"6":{"start":{"line":16,"column":4},"end":{"line":23,"column":null}},"7":{"start":{"line":17,"column":23},"end":{"line":17,"column":null}},"8":{"start":{"line":18,"column":8},"end":{"line":20,"column":null}},"9":{"start":{"line":19,"column":12},"end":{"line":19,"column":null}},"10":{"start":{"line":24,"column":4},"end":{"line":24,"column":null}},"11":{"start":{"line":27,"column":17},"end":{"line":36,"column":null}},"12":{"start":{"line":28,"column":18},"end":{"line":28,"column":null}},"13":{"start":{"line":29,"column":4},"end":{"line":34,"column":null}},"14":{"start":{"line":30,"column":8},"end":{"line":33,"column":null}},"15":{"start":{"line":35,"column":4},"end":{"line":35,"column":null}},"16":{"start":{"line":38,"column":27},"end":{"line":48,"column":null}},"17":{"start":{"line":39,"column":16},"end":{"line":41,"column":null}},"18":{"start":{"line":42,"column":4},"end":{"line":45,"column":null}},"19":{"start":{"line":43,"column":23},"end":{"line":43,"column":null}},"20":{"start":{"line":44,"column":8},"end":{"line":44,"column":null}},"21":{"start":{"line":46,"column":17},"end":{"line":46,"column":null}},"22":{"start":{"line":47,"column":4},"end":{"line":47,"column":null}},"23":{"start":{"line":50,"column":21},"end":{"line":55,"column":null}},"24":{"start":{"line":51,"column":16},"end":{"line":51,"column":null}},"25":{"start":{"line":52,"column":4},"end":{"line":52,"column":null}},"26":{"start":{"line":52,"column":17},"end":{"line":52,"column":null}},"27":{"start":{"line":53,"column":17},"end":{"line":53,"column":null}},"28":{"start":{"line":54,"column":4},"end":{"line":54,"column":null}},"29":{"start":{"line":57,"column":28},"end":{"line":69,"column":null}},"30":{"start":{"line":60,"column":17},"end":{"line":60,"column":null}},"31":{"start":{"line":61,"column":4},"end":{"line":61,"column":null}},"32":{"start":{"line":61,"column":28},"end":{"line":61,"column":54}},"33":{"start":{"line":62,"column":16},"end":{"line":66,"column":null}},"34":{"start":{"line":67,"column":4},"end":{"line":67,"column":null}},"35":{"start":{"line":67,"column":17},"end":{"line":67,"column":null}},"36":{"start":{"line":68,"column":4},"end":{"line":68,"column":null}},"37":{"start":{"line":71,"column":28},"end":{"line":88,"column":null}},"38":{"start":{"line":75,"column":17},"end":{"line":75,"column":null}},"39":{"start":{"line":76,"column":4},"end":{"line":76,"column":null}},"40":{"start":{"line":76,"column":28},"end":{"line":76,"column":54}},"41":{"start":{"line":77,"column":4},"end":{"line":77,"column":null}},"42":{"start":{"line":78,"column":16},"end":{"line":82,"column":null}},"43":{"start":{"line":83,"column":4},"end":{"line":86,"column":null}},"44":{"start":{"line":84,"column":23},"end":{"line":84,"column":null}},"45":{"start":{"line":85,"column":8},"end":{"line":85,"column":null}},"46":{"start":{"line":87,"column":4},"end":{"line":87,"column":null}},"47":{"start":{"line":90,"column":33},"end":{"line":102,"column":null}},"48":{"start":{"line":93,"column":17},"end":{"line":93,"column":null}},"49":{"start":{"line":94,"column":4},"end":{"line":94,"column":null}},"50":{"start":{"line":95,"column":16},"end":{"line":99,"column":null}},"51":{"start":{"line":100,"column":4},"end":{"line":100,"column":null}},"52":{"start":{"line":100,"column":17},"end":{"line":100,"column":null}},"53":{"start":{"line":101,"column":4},"end":{"line":101,"column":null}},"54":{"start":{"line":104,"column":33},"end":{"line":121,"column":null}},"55":{"start":{"line":108,"column":17},"end":{"line":108,"column":null}},"56":{"start":{"line":109,"column":4},"end":{"line":109,"column":null}},"57":{"start":{"line":110,"column":4},"end":{"line":110,"column":null}},"58":{"start":{"line":111,"column":16},"end":{"line":115,"column":null}},"59":{"start":{"line":116,"column":4},"end":{"line":119,"column":null}},"60":{"start":{"line":117,"column":23},"end":{"line":117,"column":null}},"61":{"start":{"line":118,"column":8},"end":{"line":118,"column":null}},"62":{"start":{"line":120,"column":4},"end":{"line":120,"column":null}},"63":{"start":{"line":123,"column":32},"end":{"line":136,"column":null}},"64":{"start":{"line":126,"column":16},"end":{"line":130,"column":null}},"65":{"start":{"line":131,"column":4},"end":{"line":134,"column":null}},"66":{"start":{"line":132,"column":23},"end":{"line":132,"column":null}},"67":{"start":{"line":133,"column":8},"end":{"line":133,"column":null}},"68":{"start":{"line":135,"column":4},"end":{"line":135,"column":null}},"69":{"start":{"line":138,"column":32},"end":{"line":151,"column":null}},"70":{"start":{"line":141,"column":16},"end":{"line":145,"column":null}},"71":{"start":{"line":146,"column":4},"end":{"line":149,"column":null}},"72":{"start":{"line":147,"column":23},"end":{"line":147,"column":null}},"73":{"start":{"line":148,"column":8},"end":{"line":148,"column":null}},"74":{"start":{"line":150,"column":4},"end":{"line":150,"column":null}},"75":{"start":{"line":153,"column":28},"end":{"line":159,"column":null}},"76":{"start":{"line":154,"column":16},"end":{"line":156,"column":null}},"77":{"start":{"line":157,"column":4},"end":{"line":157,"column":null}},"78":{"start":{"line":157,"column":17},"end":{"line":157,"column":null}},"79":{"start":{"line":158,"column":4},"end":{"line":158,"column":null}}},"fnMap":{"0":{"name":"(anonymous_0)","decl":{"start":{"line":13,"column":25},"end":{"line":13,"column":32}},"loc":{"start":{"line":13,"column":85},"end":{"line":25,"column":null}},"line":13},"1":{"name":"(anonymous_1)","decl":{"start":{"line":27,"column":17},"end":{"line":27,"column":24}},"loc":{"start":{"line":27,"column":54},"end":{"line":36,"column":null}},"line":27},"2":{"name":"(anonymous_2)","decl":{"start":{"line":38,"column":27},"end":{"line":38,"column":59}},"loc":{"start":{"line":38,"column":59},"end":{"line":48,"column":null}},"line":38},"3":{"name":"(anonymous_3)","decl":{"start":{"line":50,"column":21},"end":{"line":50,"column":74}},"loc":{"start":{"line":50,"column":74},"end":{"line":55,"column":null}},"line":50},"4":{"name":"(anonymous_4)","decl":{"start":{"line":57,"column":28},"end":{"line":57,"column":null}},"loc":{"start":{"line":59,"column":36},"end":{"line":69,"column":null}},"line":59},"5":{"name":"(anonymous_5)","decl":{"start":{"line":61,"column":18},"end":{"line":61,"column":19}},"loc":{"start":{"line":61,"column":28},"end":{"line":61,"column":54}},"line":61},"6":{"name":"(anonymous_6)","decl":{"start":{"line":71,"column":28},"end":{"line":71,"column":null}},"loc":{"start":{"line":74,"column":31},"end":{"line":88,"column":null}},"line":74},"7":{"name":"(anonymous_7)","decl":{"start":{"line":76,"column":18},"end":{"line":76,"column":19}},"loc":{"start":{"line":76,"column":28},"end":{"line":76,"column":54}},"line":76},"8":{"name":"(anonymous_8)","decl":{"start":{"line":90,"column":33},"end":{"line":90,"column":null}},"loc":{"start":{"line":92,"column":41},"end":{"line":102,"column":null}},"line":92},"9":{"name":"(anonymous_9)","decl":{"start":{"line":104,"column":33},"end":{"line":104,"column":null}},"loc":{"start":{"line":107,"column":31},"end":{"line":121,"column":null}},"line":107},"10":{"name":"(anonymous_10)","decl":{"start":{"line":123,"column":32},"end":{"line":123,"column":null}},"loc":{"start":{"line":125,"column":35},"end":{"line":136,"column":null}},"line":125},"11":{"name":"(anonymous_11)","decl":{"start":{"line":138,"column":32},"end":{"line":138,"column":null}},"loc":{"start":{"line":140,"column":57},"end":{"line":151,"column":null}},"line":140},"12":{"name":"(anonymous_12)","decl":{"start":{"line":153,"column":28},"end":{"line":153,"column":35}},"loc":{"start":{"line":153,"column":69},"end":{"line":159,"column":null}},"line":153}},"branchMap":{"0":{"loc":{"start":{"line":10,"column":16},"end":{"line":10,"column":null}},"type":"binary-expr","locations":[{"start":{"line":10,"column":16},"end":{"line":10,"column":53}},{"start":{"line":10,"column":53},"end":{"line":10,"column":null}}],"line":10},"1":{"loc":{"start":{"line":15,"column":4},"end":{"line":15,"column":null}},"type":"if","locations":[{"start":{"line":15,"column":4},"end":{"line":15,"column":null}},{"start":{},"end":{}}],"line":15},"2":{"loc":{"start":{"line":18,"column":8},"end":{"line":20,"column":null}},"type":"if","locations":[{"start":{"line":18,"column":8},"end":{"line":20,"column":null}},{"start":{},"end":{}}],"line":18},"3":{"loc":{"start":{"line":18,"column":12},"end":{"line":18,"column":81}},"type":"binary-expr","locations":[{"start":{"line":18,"column":12},"end":{"line":18,"column":22}},{"start":{"line":18,"column":22},"end":{"line":18,"column":59}},{"start":{"line":18,"column":59},"end":{"line":18,"column":81}}],"line":18},"4":{"loc":{"start":{"line":24,"column":11},"end":{"line":24,"column":null}},"type":"binary-expr","locations":[{"start":{"line":24,"column":11},"end":{"line":24,"column":18}},{"start":{"line":24,"column":18},"end":{"line":24,"column":null}}],"line":24},"5":{"loc":{"start":{"line":27,"column":24},"end":{"line":27,"column":54}},"type":"default-arg","locations":[{"start":{"line":27,"column":47},"end":{"line":27,"column":54}}],"line":27},"6":{"loc":{"start":{"line":29,"column":4},"end":{"line":34,"column":null}},"type":"if","locations":[{"start":{"line":29,"column":4},"end":{"line":34,"column":null}},{"start":{},"end":{}}],"line":29},"7":{"loc":{"start":{"line":42,"column":4},"end":{"line":45,"column":null}},"type":"if","locations":[{"start":{"line":42,"column":4},"end":{"line":45,"column":null}},{"start":{},"end":{}}],"line":42},"8":{"loc":{"start":{"line":47,"column":11},"end":{"line":47,"column":null}},"type":"binary-expr","locations":[{"start":{"line":47,"column":11},"end":{"line":47,"column":28}},{"start":{"line":47,"column":28},"end":{"line":47,"column":null}}],"line":47},"9":{"loc":{"start":{"line":52,"column":4},"end":{"line":52,"column":null}},"type":"if","locations":[{"start":{"line":52,"column":4},"end":{"line":52,"column":null}},{"start":{},"end":{}}],"line":52},"10":{"loc":{"start":{"line":54,"column":11},"end":{"line":54,"column":null}},"type":"binary-expr","locations":[{"start":{"line":54,"column":11},"end":{"line":54,"column":24}},{"start":{"line":54,"column":24},"end":{"line":54,"column":null}}],"line":54},"11":{"loc":{"start":{"line":67,"column":4},"end":{"line":67,"column":null}},"type":"if","locations":[{"start":{"line":67,"column":4},"end":{"line":67,"column":null}},{"start":{},"end":{}}],"line":67},"12":{"loc":{"start":{"line":83,"column":4},"end":{"line":86,"column":null}},"type":"if","locations":[{"start":{"line":83,"column":4},"end":{"line":86,"column":null}},{"start":{},"end":{}}],"line":83},"13":{"loc":{"start":{"line":100,"column":4},"end":{"line":100,"column":null}},"type":"if","locations":[{"start":{"line":100,"column":4},"end":{"line":100,"column":null}},{"start":{},"end":{}}],"line":100},"14":{"loc":{"start":{"line":116,"column":4},"end":{"line":119,"column":null}},"type":"if","locations":[{"start":{"line":116,"column":4},"end":{"line":119,"column":null}},{"start":{},"end":{}}],"line":116},"15":{"loc":{"start":{"line":131,"column":4},"end":{"line":134,"column":null}},"type":"if","locations":[{"start":{"line":131,"column":4},"end":{"line":134,"column":null}},{"start":{},"end":{}}],"line":131},"16":{"loc":{"start":{"line":146,"column":4},"end":{"line":149,"column":null}},"type":"if","locations":[{"start":{"line":146,"column":4},"end":{"line":149,"column":null}},{"start":{},"end":{}}],"line":146},"17":{"loc":{"start":{"line":157,"column":4},"end":{"line":157,"column":null}},"type":"if","locations":[{"start":{"line":157,"column":4},"end":{"line":157,"column":null}},{"start":{},"end":{}}],"line":157}},"s":{"0":1,"1":1,"2":1,"3":3,"4":3,"5":0,"6":3,"7":3,"8":3,"9":1,"10":2,"11":1,"12":10,"13":10,"14":10,"15":0,"16":1,"17":2,"18":2,"19":1,"20":1,"21":1,"22":1,"23":1,"24":1,"25":1,"26":0,"27":1,"28":1,"29":1,"30":1,"31":1,"32":1,"33":1,"34":1,"35":0,"36":1,"37":1,"38":1,"39":1,"40":1,"41":1,"42":1,"43":1,"44":0,"45":0,"46":1,"47":1,"48":0,"49":0,"50":0,"51":0,"52":0,"53":0,"54":1,"55":0,"56":0,"57":0,"58":0,"59":0,"60":0,"61":0,"62":0,"63":1,"64":2,"65":2,"66":1,"67":1,"68":1,"69":1,"70":2,"71":2,"72":1,"73":1,"74":1,"75":1,"76":1,"77":1,"78":0,"79":1},"f":{"0":3,"1":10,"2":2,"3":1,"4":1,"5":1,"6":1,"7":1,"8":0,"9":0,"10":2,"11":2,"12":1},"b":{"0":[1,0],"1":[0,3],"2":[1,2],"3":[3,1,1],"4":[2,0],"5":[10],"6":[10,0],"7":[1,1],"8":[1,0],"9":[0,1],"10":[1,0],"11":[0,1],"12":[0,1],"13":[0,0],"14":[0,0],"15":[1,1],"16":[1,1],"17":[0,1]},"meta":{"lastBranch":18,"lastFunction":13,"lastStatement":80,"seen":{"s:10:16:10:Infinity":0,"b:10:16:10:53:10:53:10:Infinity":0,"s:11:17:11:Infinity":1,"s:13:25:25:Infinity":2,"f:13:25:13:32":0,"s:14:16:14:Infinity":3,"b:15:4:15:Infinity:undefined:undefined:undefined:undefined":1,"s:15:4:15:Infinity":4,"s:15:14:15:Infinity":5,"s:16:4:23:Infinity":6,"s:17:23:17:Infinity":7,"b:18:8:20:Infinity:undefined:undefined:undefined:undefined":2,"s:18:8:20:Infinity":8,"b:18:12:18:22:18:22:18:59:18:59:18:81":3,"s:19:12:19:Infinity":9,"s:24:4:24:Infinity":10,"b:24:11:24:18:24:18:24:Infinity":4,"s:27:17:36:Infinity":11,"f:27:17:27:24":1,"b:27:47:27:54":5,"s:28:18:28:Infinity":12,"b:29:4:34:Infinity:undefined:undefined:undefined:undefined":6,"s:29:4:34:Infinity":13,"s:30:8:33:Infinity":14,"s:35:4:35:Infinity":15,"s:38:27:48:Infinity":16,"f:38:27:38:59":2,"s:39:16:41:Infinity":17,"b:42:4:45:Infinity:undefined:undefined:undefined:undefined":7,"s:42:4:45:Infinity":18,"s:43:23:43:Infinity":19,"s:44:8:44:Infinity":20,"s:46:17:46:Infinity":21,"s:47:4:47:Infinity":22,"b:47:11:47:28:47:28:47:Infinity":8,"s:50:21:55:Infinity":23,"f:50:21:50:74":3,"s:51:16:51:Infinity":24,"b:52:4:52:Infinity:undefined:undefined:undefined:undefined":9,"s:52:4:52:Infinity":25,"s:52:17:52:Infinity":26,"s:53:17:53:Infinity":27,"s:54:4:54:Infinity":28,"b:54:11:54:24:54:24:54:Infinity":10,"s:57:28:69:Infinity":29,"f:57:28:57:Infinity":4,"s:60:17:60:Infinity":30,"s:61:4:61:Infinity":31,"f:61:18:61:19":5,"s:61:28:61:54":32,"s:62:16:66:Infinity":33,"b:67:4:67:Infinity:undefined:undefined:undefined:undefined":11,"s:67:4:67:Infinity":34,"s:67:17:67:Infinity":35,"s:68:4:68:Infinity":36,"s:71:28:88:Infinity":37,"f:71:28:71:Infinity":6,"s:75:17:75:Infinity":38,"s:76:4:76:Infinity":39,"f:76:18:76:19":7,"s:76:28:76:54":40,"s:77:4:77:Infinity":41,"s:78:16:82:Infinity":42,"b:83:4:86:Infinity:undefined:undefined:undefined:undefined":12,"s:83:4:86:Infinity":43,"s:84:23:84:Infinity":44,"s:85:8:85:Infinity":45,"s:87:4:87:Infinity":46,"s:90:33:102:Infinity":47,"f:90:33:90:Infinity":8,"s:93:17:93:Infinity":48,"s:94:4:94:Infinity":49,"s:95:16:99:Infinity":50,"b:100:4:100:Infinity:undefined:undefined:undefined:undefined":13,"s:100:4:100:Infinity":51,"s:100:17:100:Infinity":52,"s:101:4:101:Infinity":53,"s:104:33:121:Infinity":54,"f:104:33:104:Infinity":9,"s:108:17:108:Infinity":55,"s:109:4:109:Infinity":56,"s:110:4:110:Infinity":57,"s:111:16:115:Infinity":58,"b:116:4:119:Infinity:undefined:undefined:undefined:undefined":14,"s:116:4:119:Infinity":59,"s:117:23:117:Infinity":60,"s:118:8:118:Infinity":61,"s:120:4:120:Infinity":62,"s:123:32:136:Infinity":63,"f:123:32:123:Infinity":10,"s:126:16:130:Infinity":64,"b:131:4:134:Infinity:undefined:undefined:undefined:undefined":15,"s:131:4:134:Infinity":65,"s:132:23:132:Infinity":66,"s:133:8:133:Infinity":67,"s:135:4:135:Infinity":68,"s:138:32:151:Infinity":69,"f:138:32:138:Infinity":11,"s:141:16:145:Infinity":70,"b:146:4:149:Infinity:undefined:undefined:undefined:undefined":16,"s:146:4:149:Infinity":71,"s:147:23:147:Infinity":72,"s:148:8:148:Infinity":73,"s:150:4:150:Infinity":74,"s:153:28:159:Infinity":75,"f:153:28:153:35":12,"s:154:16:156:Infinity":76,"b:157:4:157:Infinity:undefined:undefined:undefined:undefined":17,"s:157:4:157:Infinity":77,"s:157:17:157:Infinity":78,"s:158:4:158:Infinity":79}}}
,"/Users/davidsanchez/Documents/GitHub/depurador-horas-streamlit/react-frontend/src/core/ui/design/atoms/Button.tsx": {"path":"/Users/davidsanchez/Documents/GitHub/depurador-horas-streamlit/react-frontend/src/core/ui/design/atoms/Button.tsx","statementMap":{"0":{"start":{"line":8,"column":45},"end":{"line":30,"column":null}},"1":{"start":{"line":15,"column":22},"end":{"line":15,"column":null}},"2":{"start":{"line":16,"column":25},"end":{"line":19,"column":null}},"3":{"start":{"line":20,"column":27},"end":{"line":20,"column":null}},"4":{"start":{"line":22,"column":4},"end":{"line":28,"column":null}}},"fnMap":{"0":{"name":"(anonymous_0)","decl":{"start":{"line":8,"column":45},"end":{"line":8,"column":46}},"loc":{"start":{"line":14,"column":6},"end":{"line":30,"column":null}},"line":14}},"branchMap":{"0":{"loc":{"start":{"line":10,"column":4},"end":{"line":10,"column":null}},"type":"default-arg","locations":[{"start":{"line":10,"column":14},"end":{"line":10,"column":null}}],"line":10},"1":{"loc":{"start":{"line":11,"column":4},"end":{"line":11,"column":null}},"type":"default-arg","locations":[{"start":{"line":11,"column":16},"end":{"line":11,"column":null}}],"line":11},"2":{"loc":{"start":{"line":12,"column":4},"end":{"line":12,"column":null}},"type":"default-arg","locations":[{"start":{"line":12,"column":16},"end":{"line":12,"column":null}}],"line":12},"3":{"loc":{"start":{"line":16,"column":25},"end":{"line":19,"column":null}},"type":"cond-expr","locations":[{"start":{"line":16,"column":49},"end":{"line":16,"column":null}},{"start":{"line":17,"column":8},"end":{"line":19,"column":null}}],"line":16},"4":{"loc":{"start":{"line":17,"column":8},"end":{"line":19,"column":null}},"type":"cond-expr","locations":[{"start":{"line":17,"column":32},"end":{"line":17,"column":null}},{"start":{"line":18,"column":12},"end":{"line":19,"column":null}}],"line":17},"5":{"loc":{"start":{"line":18,"column":12},"end":{"line":19,"column":null}},"type":"cond-expr","locations":[{"start":{"line":18,"column":33},"end":{"line":18,"column":null}},{"start":{"line":19,"column":16},"end":{"line":19,"column":null}}],"line":18},"6":{"loc":{"start":{"line":19,"column":16},"end":{"line":19,"column":null}},"type":"cond-expr","locations":[{"start":{"line":19,"column":44},"end":{"line":19,"column":60}},{"start":{"line":19,"column":60},"end":{"line":19,"column":null}}],"line":19},"7":{"loc":{"start":{"line":20,"column":27},"end":{"line":20,"column":null}},"type":"cond-expr","locations":[{"start":{"line":20,"column":39},"end":{"line":20,"column":48}},{"start":{"line":20,"column":48},"end":{"line":20,"column":null}}],"line":20}},"s":{"0":3,"1":10,"2":10,"3":10,"4":10},"f":{"0":10},"b":{"0":[10],"1":[10],"2":[10],"3":[7,3],"4":[1,2],"5":[2,0],"6":[0,0],"7":[1,9]},"meta":{"lastBranch":8,"lastFunction":1,"lastStatement":5,"seen":{"s:8:45:30:Infinity":0,"f:8:45:8:46":0,"b:10:14:10:Infinity":0,"b:11:16:11:Infinity":1,"b:12:16:12:Infinity":2,"s:15:22:15:Infinity":1,"s:16:25:19:Infinity":2,"b:16:49:16:Infinity:17:8:19:Infinity":3,"b:17:32:17:Infinity:18:12:19:Infinity":4,"b:18:33:18:Infinity:19:16:19:Infinity":5,"b:19:44:19:60:19:60:19:Infinity":6,"s:20:27:20:Infinity":3,"b:20:39:20:48:20:48:20:Infinity":7,"s:22:4:28:Infinity":4}}}
,"/Users/davidsanchez/Documents/GitHub/depurador-horas-streamlit/react-frontend/src/core/ui/design/atoms/Input.tsx": {"path":"/Users/davidsanchez/Documents/GitHub/depurador-horas-streamlit/react-frontend/src/core/ui/design/atoms/Input.tsx","statementMap":{"0":{"start":{"line":5,"column":43},"end":{"line":12,"column":null}},"1":{"start":{"line":6,"column":4},"end":{"line":10,"column":null}}},"fnMap":{"0":{"name":"(anonymous_0)","decl":{"start":{"line":5,"column":43},"end":{"line":5,"column":44}},"loc":{"start":{"line":5,"column":77},"end":{"line":12,"column":null}},"line":5}},"branchMap":{"0":{"loc":{"start":{"line":5,"column":46},"end":{"line":5,"column":62}},"type":"default-arg","locations":[{"start":{"line":5,"column":58},"end":{"line":5,"column":62}}],"line":5}},"s":{"0":1,"1":3},"f":{"0":3},"b":{"0":[3]},"meta":{"lastBranch":1,"lastFunction":1,"lastStatement":2,"seen":{"s:5:43:12:Infinity":0,"f:5:43:5:44":0,"b:5:58:5:62":0,"s:6:4:10:Infinity":1}}}
,"/Users/davidsanchez/Documents/GitHub/depurador-horas-streamlit/react-frontend/src/core/ui/design/atoms/Select.tsx": {"path":"/Users/davidsanchez/Documents/GitHub/depurador-horas-streamlit/react-frontend/src/core/ui/design/atoms/Select.tsx","statementMap":{"0":{"start":{"line":7,"column":45},"end":{"line":17,"column":null}},"1":{"start":{"line":8,"column":4},"end":{"line":15,"column":null}},"2":{"start":{"line":11,"column":16},"end":{"line":13,"column":null}}},"fnMap":{"0":{"name":"(anonymous_0)","decl":{"start":{"line":7,"column":45},"end":{"line":7,"column":46}},"loc":{"start":{"line":7,"column":88},"end":{"line":17,"column":null}},"line":7},"1":{"name":"(anonymous_1)","decl":{"start":{"line":10,"column":25},"end":{"line":10,"column":26}},"loc":{"start":{"line":11,"column":16},"end":{"line":13,"column":null}},"line":11}},"branchMap":{"0":{"loc":{"start":{"line":7,"column":57},"end":{"line":7,"column":73}},"type":"default-arg","locations":[{"start":{"line":7,"column":69},"end":{"line":7,"column":73}}],"line":7}},"s":{"0":2,"1":4,"2":12},"f":{"0":4,"1":12},"b":{"0":[4]},"meta":{"lastBranch":1,"lastFunction":2,"lastStatement":3,"seen":{"s:7:45:17:Infinity":0,"f:7:45:7:46":0,"b:7:69:7:73":0,"s:8:4:15:Infinity":1,"f:10:25:10:26":1,"s:11:16:13:Infinity":2}}}
,"/Users/davidsanchez/Documents/GitHub/depurador-horas-streamlit/react-frontend/src/core/ui/design/atoms/Tag.tsx": {"path":"/Users/davidsanchez/Documents/GitHub/depurador-horas-streamlit/react-frontend/src/core/ui/design/atoms/Tag.tsx","statementMap":{"0":{"start":{"line":8,"column":39},"end":{"line":10,"column":null}},"1":{"start":{"line":9,"column":4},"end":{"line":9,"column":null}}},"fnMap":{"0":{"name":"(anonymous_0)","decl":{"start":{"line":8,"column":39},"end":{"line":8,"column":40}},"loc":{"start":{"line":8,"column":73},"end":{"line":10,"column":null}},"line":8}},"branchMap":{"0":{"loc":{"start":{"line":8,"column":52},"end":{"line":8,"column":67}},"type":"default-arg","locations":[{"start":{"line":8,"column":64},"end":{"line":8,"column":67}}],"line":8}},"s":{"0":2,"1":2},"f":{"0":2},"b":{"0":[2]},"meta":{"lastBranch":1,"lastFunction":1,"lastStatement":2,"seen":{"s:8:39:10:Infinity":0,"f:8:39:8:40":0,"b:8:64:8:67":0,"s:9:4:9:Infinity":1}}}
,"/Users/davidsanchez/Documents/GitHub/depurador-horas-streamlit/react-frontend/src/core/ui/design/atoms/Toggle.tsx": {"path":"/Users/davidsanchez/Documents/GitHub/depurador-horas-streamlit/react-frontend/src/core/ui/design/atoms/Toggle.tsx","statementMap":{"0":{"start":{"line":7,"column":45},"end":{"line":14,"column":null}},"1":{"start":{"line":8,"column":4},"end":{"line":12,"column":null}}},"fnMap":{"0":{"name":"(anonymous_0)","decl":{"start":{"line":7,"column":45},"end":{"line":7,"column":46}},"loc":{"start":{"line":7,"column":86},"end":{"line":14,"column":null}},"line":7}},"branchMap":{"0":{"loc":{"start":{"line":7,"column":55},"end":{"line":7,"column":71}},"type":"default-arg","locations":[{"start":{"line":7,"column":67},"end":{"line":7,"column":71}}],"line":7},"1":{"loc":{"start":{"line":11,"column":13},"end":{"line":11,"column":null}},"type":"binary-expr","locations":[{"start":{"line":11,"column":13},"end":{"line":11,"column":22}},{"start":{"line":11,"column":22},"end":{"line":11,"column":null}}],"line":11}},"s":{"0":2,"1":6},"f":{"0":6},"b":{"0":[6],"1":[6,3]},"meta":{"lastBranch":2,"lastFunction":1,"lastStatement":2,"seen":{"s:7:45:14:Infinity":0,"f:7:45:7:46":0,"b:7:67:7:71":0,"s:8:4:12:Infinity":1,"b:11:13:11:22:11:22:11:Infinity":1}}}
,"/Users/davidsanchez/Documents/GitHub/depurador-horas-streamlit/react-frontend/src/core/ui/design/atoms/Typography.tsx": {"path":"/Users/davidsanchez/Documents/GitHub/depurador-horas-streamlit/react-frontend/src/core/ui/design/atoms/Typography.tsx","statementMap":{"0":{"start":{"line":10,"column":53},"end":{"line":31,"column":null}},"1":{"start":{"line":11,"column":4},"end":{"line":30,"column":null}},"2":{"start":{"line":13,"column":12},"end":{"line":13,"column":null}},"3":{"start":{"line":15,"column":12},"end":{"line":15,"column":null}},"4":{"start":{"line":17,"column":12},"end":{"line":17,"column":null}},"5":{"start":{"line":19,"column":12},"end":{"line":19,"column":null}},"6":{"start":{"line":21,"column":12},"end":{"line":21,"column":null}},"7":{"start":{"line":23,"column":12},"end":{"line":23,"column":null}},"8":{"start":{"line":25,"column":12},"end":{"line":25,"column":null}},"9":{"start":{"line":27,"column":12},"end":{"line":27,"column":null}},"10":{"start":{"line":29,"column":12},"end":{"line":29,"column":null}}},"fnMap":{"0":{"name":"(anonymous_0)","decl":{"start":{"line":10,"column":53},"end":{"line":10,"column":54}},"loc":{"start":{"line":10,"column":103},"end":{"line":31,"column":null}},"line":10}},"branchMap":{"0":{"loc":{"start":{"line":10,"column":75},"end":{"line":10,"column":91}},"type":"default-arg","locations":[{"start":{"line":10,"column":87},"end":{"line":10,"column":91}}],"line":10},"1":{"loc":{"start":{"line":11,"column":4},"end":{"line":30,"column":null}},"type":"switch","locations":[{"start":{"line":12,"column":8},"end":{"line":13,"column":null}},{"start":{"line":14,"column":8},"end":{"line":15,"column":null}},{"start":{"line":16,"column":8},"end":{"line":17,"column":null}},{"start":{"line":18,"column":8},"end":{"line":19,"column":null}},{"start":{"line":20,"column":8},"end":{"line":21,"column":null}},{"start":{"line":22,"column":8},"end":{"line":23,"column":null}},{"start":{"line":24,"column":8},"end":{"line":25,"column":null}},{"start":{"line":26,"column":8},"end":{"line":27,"column":null}},{"start":{"line":28,"column":8},"end":{"line":29,"column":null}}],"line":11}},"s":{"0":5,"1":63,"2":2,"3":3,"4":20,"5":1,"6":23,"7":1,"8":6,"9":6,"10":1},"f":{"0":63},"b":{"0":[63],"1":[2,3,20,1,23,1,6,6,1]},"meta":{"lastBranch":2,"lastFunction":1,"lastStatement":11,"seen":{"s:10:53:31:Infinity":0,"f:10:53:10:54":0,"b:10:87:10:91":0,"b:12:8:13:Infinity:14:8:15:Infinity:16:8:17:Infinity:18:8:19:Infinity:20:8:21:Infinity:22:8:23:Infinity:24:8:25:Infinity:26:8:27:Infinity:28:8:29:Infinity":1,"s:11:4:30:Infinity":1,"s:13:12:13:Infinity":2,"s:15:12:15:Infinity":3,"s:17:12:17:Infinity":4,"s:19:12:19:Infinity":5,"s:21:12:21:Infinity":6,"s:23:12:23:Infinity":7,"s:25:12:25:Infinity":8,"s:27:12:27:Infinity":9,"s:29:12:29:Infinity":10}}}
,"/Users/davidsanchez/Documents/GitHub/depurador-horas-streamlit/react-frontend/src/core/ui/design/molecules/FileListItem.tsx": {"path":"/Users/davidsanchez/Documents/GitHub/depurador-horas-streamlit/react-frontend/src/core/ui/design/molecules/FileListItem.tsx","statementMap":{"0":{"start":{"line":9,"column":57},"end":{"line":16,"column":null}},"1":{"start":{"line":10,"column":4},"end":{"line":14,"column":null}}},"fnMap":{"0":{"name":"(anonymous_0)","decl":{"start":{"line":9,"column":57},"end":{"line":9,"column":58}},"loc":{"start":{"line":9,"column":81},"end":{"line":16,"column":null}},"line":9}},"branchMap":{},"s":{"0":2,"1":2},"f":{"0":2},"b":{},"meta":{"lastBranch":0,"lastFunction":1,"lastStatement":2,"seen":{"s:9:57:16:Infinity":0,"f:9:57:9:58":0,"s:10:4:14:Infinity":1}}}
,"/Users/davidsanchez/Documents/GitHub/depurador-horas-streamlit/react-frontend/src/core/ui/design/molecules/InfoItem.tsx": {"path":"/Users/davidsanchez/Documents/GitHub/depurador-horas-streamlit/react-frontend/src/core/ui/design/molecules/InfoItem.tsx","statementMap":{"0":{"start":{"line":9,"column":49},"end":{"line":16,"column":null}},"1":{"start":{"line":10,"column":4},"end":{"line":14,"column":null}}},"fnMap":{"0":{"name":"(anonymous_0)","decl":{"start":{"line":9,"column":49},"end":{"line":9,"column":50}},"loc":{"start":{"line":9,"column":71},"end":{"line":16,"column":null}},"line":9}},"branchMap":{},"s":{"0":3,"1":11},"f":{"0":11},"b":{},"meta":{"lastBranch":0,"lastFunction":1,"lastStatement":2,"seen":{"s:9:49:16:Infinity":0,"f:9:49:9:50":0,"s:10:4:14:Infinity":1}}}
,"/Users/davidsanchez/Documents/GitHub/depurador-horas-streamlit/react-frontend/src/core/ui/design/molecules/MetricCard.tsx": {"path":"/Users/davidsanchez/Documents/GitHub/depurador-horas-streamlit/react-frontend/src/core/ui/design/molecules/MetricCard.tsx","statementMap":{"0":{"start":{"line":9,"column":53},"end":{"line":16,"column":null}},"1":{"start":{"line":10,"column":4},"end":{"line":14,"column":null}}},"fnMap":{"0":{"name":"(anonymous_0)","decl":{"start":{"line":9,"column":53},"end":{"line":9,"column":54}},"loc":{"start":{"line":9,"column":75},"end":{"line":16,"column":null}},"line":9}},"branchMap":{},"s":{"0":2,"1":2},"f":{"0":2},"b":{},"meta":{"lastBranch":0,"lastFunction":1,"lastStatement":2,"seen":{"s:9:53:16:Infinity":0,"f:9:53:9:54":0,"s:10:4:14:Infinity":1}}}
,"/Users/davidsanchez/Documents/GitHub/depurador-horas-streamlit/react-frontend/src/core/ui/design/molecules/ProgressTrack.tsx": {"path":"/Users/davidsanchez/Documents/GitHub/depurador-horas-streamlit/react-frontend/src/core/ui/design/molecules/ProgressTrack.tsx","statementMap":{"0":{"start":{"line":7,"column":59},"end":{"line":14,"column":null}},"1":{"start":{"line":8,"column":4},"end":{"line":12,"column":null}}},"fnMap":{"0":{"name":"(anonymous_0)","decl":{"start":{"line":7,"column":59},"end":{"line":7,"column":60}},"loc":{"start":{"line":7,"column":72},"end":{"line":14,"column":null}},"line":7}},"branchMap":{},"s":{"0":2,"1":1},"f":{"0":1},"b":{},"meta":{"lastBranch":0,"lastFunction":1,"lastStatement":2,"seen":{"s:7:59:14:Infinity":0,"f:7:59:7:60":0,"s:8:4:12:Infinity":1}}}
,"/Users/davidsanchez/Documents/GitHub/depurador-horas-streamlit/react-frontend/src/core/ui/design/molecules/ThemeSwitch.tsx": {"path":"/Users/davidsanchez/Documents/GitHub/depurador-horas-streamlit/react-frontend/src/core/ui/design/molecules/ThemeSwitch.tsx","statementMap":{"0":{"start":{"line":9,"column":55},"end":{"line":42,"column":null}},"1":{"start":{"line":10,"column":19},"end":{"line":10,"column":null}},"2":{"start":{"line":12,"column":4},"end":{"line":40,"column":null}},"3":{"start":{"line":16,"column":31},"end":{"line":16,"column":null}}},"fnMap":{"0":{"name":"(anonymous_0)","decl":{"start":{"line":9,"column":55},"end":{"line":9,"column":56}},"loc":{"start":{"line":9,"column":80},"end":{"line":42,"column":null}},"line":9},"1":{"name":"(anonymous_1)","decl":{"start":{"line":16,"column":25},"end":{"line":16,"column":31}},"loc":{"start":{"line":16,"column":31},"end":{"line":16,"column":null}},"line":16}},"branchMap":{"0":{"loc":{"start":{"line":15,"column":43},"end":{"line":15,"column":65}},"type":"cond-expr","locations":[{"start":{"line":15,"column":52},"end":{"line":15,"column":63}},{"start":{"line":15,"column":63},"end":{"line":15,"column":65}}],"line":15},"1":{"loc":{"start":{"line":21,"column":21},"end":{"line":36,"column":null}},"type":"cond-expr","locations":[{"start":{"line":22,"column":24},"end":{"line":24,"column":null}},{"start":{"line":26,"column":24},"end":{"line":36,"column":null}}],"line":21}},"s":{"0":3,"1":8,"2":8,"3":1},"f":{"0":8,"1":1},"b":{"0":[2,6],"1":[2,6]},"meta":{"lastBranch":2,"lastFunction":2,"lastStatement":4,"seen":{"s:9:55:42:Infinity":0,"f:9:55:9:56":0,"s:10:19:10:Infinity":1,"s:12:4:40:Infinity":2,"b:15:52:15:63:15:63:15:65":0,"f:16:25:16:31":1,"s:16:31:16:Infinity":3,"b:22:24:24:Infinity:26:24:36:Infinity":1}}}
,"/Users/davidsanchez/Documents/GitHub/depurador-horas-streamlit/react-frontend/src/core/ui/design/organisms/ErrorsTable.tsx": {"path":"/Users/davidsanchez/Documents/GitHub/depurador-horas-streamlit/react-frontend/src/core/ui/design/organisms/ErrorsTable.tsx","statementMap":{"0":{"start":{"line":9,"column":55},"end":{"line":69,"column":null}},"1":{"start":{"line":14,"column":4},"end":{"line":16,"column":null}},"2":{"start":{"line":15,"column":8},"end":{"line":15,"column":null}},"3":{"start":{"line":17,"column":20},"end":{"line":17,"column":null}},"4":{"start":{"line":18,"column":4},"end":{"line":67,"column":null}},"5":{"start":{"line":23,"column":24},"end":{"line":23,"column":null}},"6":{"start":{"line":29,"column":28},"end":{"line":37,"column":null}},"7":{"start":{"line":34,"column":64},"end":{"line":34,"column":null}},"8":{"start":{"line":41,"column":39},"end":{"line":46,"column":null}},"9":{"start":{"line":47,"column":24},"end":{"line":62,"column":null}},"10":{"start":{"line":50,"column":36},"end":{"line":60,"column":null}},"11":{"start":{"line":56,"column":52},"end":{"line":56,"column":null}}},"fnMap":{"0":{"name":"(anonymous_0)","decl":{"start":{"line":9,"column":55},"end":{"line":9,"column":56}},"loc":{"start":{"line":13,"column":6},"end":{"line":69,"column":null}},"line":13},"1":{"name":"(anonymous_1)","decl":{"start":{"line":22,"column":33},"end":{"line":22,"column":34}},"loc":{"start":{"line":23,"column":24},"end":{"line":23,"column":null}},"line":23},"2":{"name":"(anonymous_2)","decl":{"start":{"line":28,"column":37},"end":{"line":28,"column":38}},"loc":{"start":{"line":29,"column":28},"end":{"line":37,"column":null}},"line":29},"3":{"name":"(anonymous_3)","decl":{"start":{"line":34,"column":53},"end":{"line":34,"column":54}},"loc":{"start":{"line":34,"column":64},"end":{"line":34,"column":null}},"line":34},"4":{"name":"(anonymous_4)","decl":{"start":{"line":40,"column":32},"end":{"line":40,"column":33}},"loc":{"start":{"line":40,"column":46},"end":{"line":64,"column":21}},"line":40},"5":{"name":"(anonymous_5)","decl":{"start":{"line":49,"column":44},"end":{"line":49,"column":45}},"loc":{"start":{"line":50,"column":36},"end":{"line":60,"column":null}},"line":50},"6":{"name":"(anonymous_6)","decl":{"start":{"line":55,"column":61},"end":{"line":55,"column":62}},"loc":{"start":{"line":56,"column":52},"end":{"line":56,"column":null}},"line":56}},"branchMap":{"0":{"loc":{"start":{"line":14,"column":4},"end":{"line":16,"column":null}},"type":"if","locations":[{"start":{"line":14,"column":4},"end":{"line":16,"column":null}},{"start":{},"end":{}}],"line":14},"1":{"loc":{"start":{"line":14,"column":8},"end":{"line":14,"column":40}},"type":"binary-expr","locations":[{"start":{"line":14,"column":8},"end":{"line":14,"column":19}},{"start":{"line":14,"column":19},"end":{"line":14,"column":40}}],"line":14},"2":{"loc":{"start":{"line":23,"column":55},"end":{"line":23,"column":82}},"type":"binary-expr","locations":[{"start":{"line":23,"column":55},"end":{"line":23,"column":78}},{"start":{"line":23,"column":78},"end":{"line":23,"column":82}}],"line":23},"3":{"loc":{"start":{"line":42,"column":35},"end":{"line":42,"column":53}},"type":"binary-expr","locations":[{"start":{"line":42,"column":35},"end":{"line":42,"column":51}},{"start":{"line":42,"column":51},"end":{"line":42,"column":53}}],"line":42},"4":{"loc":{"start":{"line":43,"column":35},"end":{"line":43,"column":58}},"type":"binary-expr","locations":[{"start":{"line":43,"column":35},"end":{"line":43,"column":56}},{"start":{"line":43,"column":56},"end":{"line":43,"column":58}}],"line":43},"5":{"loc":{"start":{"line":44,"column":35},"end":{"line":44,"column":59}},"type":"binary-expr","locations":[{"start":{"line":44,"column":35},"end":{"line":44,"column":57}},{"start":{"line":44,"column":57},"end":{"line":44,"column":59}}],"line":44},"6":{"loc":{"start":{"line":45,"column":35},"end":{"line":45,"column":62}},"type":"binary-expr","locations":[{"start":{"line":45,"column":35},"end":{"line":45,"column":60}},{"start":{"line":45,"column":60},"end":{"line":45,"column":62}}],"line":45}},"s":{"0":1,"1":0,"2":0,"3":0,"4":0,"5":0,"6":0,"7":0,"8":0,"9":0,"10":0,"11":0},"f":{"0":0,"1":0,"2":0,"3":0,"4":0,"5":0,"6":0},"b":{"0":[0,0],"1":[0,0],"2":[0,0],"3":[0,0],"4":[0,0],"5":[0,0],"6":[0,0]},"meta":{"lastBranch":7,"lastFunction":7,"lastStatement":12,"seen":{"s:9:55:69:Infinity":0,"f:9:55:9:56":0,"b:14:4:16:Infinity:undefined:undefined:undefined:undefined":0,"s:14:4:16:Infinity":1,"b:14:8:14:19:14:19:14:40":1,"s:15:8:15:Infinity":2,"s:17:20:17:Infinity":3,"s:18:4:67:Infinity":4,"f:22:33:22:34":1,"s:23:24:23:Infinity":5,"b:23:55:23:78:23:78:23:82":2,"f:28:37:28:38":2,"s:29:28:37:Infinity":6,"f:34:53:34:54":3,"s:34:64:34:Infinity":7,"f:40:32:40:33":4,"s:41:39:46:Infinity":8,"b:42:35:42:51:42:51:42:53":3,"b:43:35:43:56:43:56:43:58":4,"b:44:35:44:57:44:57:44:59":5,"b:45:35:45:60:45:60:45:62":6,"s:47:24:62:Infinity":9,"f:49:44:49:45":5,"s:50:36:60:Infinity":10,"f:55:61:55:62":6,"s:56:52:56:Infinity":11}}}
,"/Users/davidsanchez/Documents/GitHub/depurador-horas-streamlit/react-frontend/src/core/ui/design/organisms/FileUploader.tsx": {"path":"/Users/davidsanchez/Documents/GitHub/depurador-horas-streamlit/react-frontend/src/core/ui/design/organisms/FileUploader.tsx","statementMap":{"0":{"start":{"line":14,"column":57},"end":{"line":43,"column":null}},"1":{"start":{"line":22,"column":4},"end":{"line":41,"column":null}},"2":{"start":{"line":36,"column":28},"end":{"line":36,"column":null}},"3":{"start":{"line":36,"column":80},"end":{"line":36,"column":97}}},"fnMap":{"0":{"name":"(anonymous_0)","decl":{"start":{"line":14,"column":57},"end":{"line":14,"column":58}},"loc":{"start":{"line":21,"column":6},"end":{"line":43,"column":null}},"line":21},"1":{"name":"(anonymous_1)","decl":{"start":{"line":35,"column":35},"end":{"line":35,"column":36}},"loc":{"start":{"line":36,"column":28},"end":{"line":36,"column":null}},"line":36},"2":{"name":"(anonymous_2)","decl":{"start":{"line":36,"column":74},"end":{"line":36,"column":80}},"loc":{"start":{"line":36,"column":80},"end":{"line":36,"column":97}},"line":36}},"branchMap":{"0":{"loc":{"start":{"line":19,"column":4},"end":{"line":19,"column":null}},"type":"default-arg","locations":[{"start":{"line":19,"column":15},"end":{"line":19,"column":null}}],"line":19},"1":{"loc":{"start":{"line":33,"column":17},"end":{"line":38,"column":null}},"type":"binary-expr","locations":[{"start":{"line":33,"column":17},"end":{"line":33,"column":null}},{"start":{"line":34,"column":20},"end":{"line":38,"column":null}}],"line":33}},"s":{"0":1,"1":2,"2":0,"3":0},"f":{"0":2,"1":0,"2":0},"b":{"0":[2],"1":[2,0]},"meta":{"lastBranch":2,"lastFunction":3,"lastStatement":4,"seen":{"s:14:57:43:Infinity":0,"f:14:57:14:58":0,"b:19:15:19:Infinity":0,"s:22:4:41:Infinity":1,"b:33:17:33:Infinity:34:20:38:Infinity":1,"f:35:35:35:36":1,"s:36:28:36:Infinity":2,"f:36:74:36:80":2,"s:36:80:36:97":3}}}
,"/Users/davidsanchez/Documents/GitHub/depurador-horas-streamlit/react-frontend/src/core/ui/design/organisms/ProgressPanel.tsx": {"path":"/Users/davidsanchez/Documents/GitHub/depurador-horas-streamlit/react-frontend/src/core/ui/design/organisms/ProgressPanel.tsx","statementMap":{"0":{"start":{"line":15,"column":59},"end":{"line":49,"column":null}},"1":{"start":{"line":24,"column":27},"end":{"line":29,"column":null}},"2":{"start":{"line":25,"column":8},"end":{"line":25,"column":null}},"3":{"start":{"line":25,"column":31},"end":{"line":25,"column":null}},"4":{"start":{"line":26,"column":21},"end":{"line":26,"column":null}},"5":{"start":{"line":27,"column":18},"end":{"line":27,"column":null}},"6":{"start":{"line":28,"column":8},"end":{"line":28,"column":null}},"7":{"start":{"line":31,"column":4},"end":{"line":47,"column":null}}},"fnMap":{"0":{"name":"(anonymous_0)","decl":{"start":{"line":15,"column":59},"end":{"line":15,"column":60}},"loc":{"start":{"line":23,"column":6},"end":{"line":49,"column":null}},"line":23},"1":{"name":"(anonymous_1)","decl":{"start":{"line":24,"column":27},"end":{"line":24,"column":28}},"loc":{"start":{"line":24,"column":45},"end":{"line":29,"column":null}},"line":24}},"branchMap":{"0":{"loc":{"start":{"line":25,"column":8},"end":{"line":25,"column":null}},"type":"if","locations":[{"start":{"line":25,"column":8},"end":{"line":25,"column":null}},{"start":{},"end":{}}],"line":25},"1":{"loc":{"start":{"line":25,"column":12},"end":{"line":25,"column":31}},"type":"binary-expr","locations":[{"start":{"line":25,"column":12},"end":{"line":25,"column":21}},{"start":{"line":25,"column":21},"end":{"line":25,"column":31}}],"line":25},"2":{"loc":{"start":{"line":40,"column":13},"end":{"line":44,"column":null}},"type":"cond-expr","locations":[{"start":{"line":41,"column":16},"end":{"line":43,"column":null}},{"start":{"line":44,"column":16},"end":{"line":44,"column":null}}],"line":40},"3":{"loc":{"start":{"line":40,"column":13},"end":{"line":40,"column":null}},"type":"binary-expr","locations":[{"start":{"line":40,"column":13},"end":{"line":40,"column":29}},{"start":{"line":40,"column":29},"end":{"line":40,"column":65}},{"start":{"line":40,"column":65},"end":{"line":40,"column":null}}],"line":40}},"s":{"0":1,"1":0,"2":0,"3":0,"4":0,"5":0,"6":0,"7":0},"f":{"0":0,"1":0},"b":{"0":[0,0],"1":[0,0],"2":[0,0],"3":[0,0,0]},"meta":{"lastBranch":4,"lastFunction":2,"lastStatement":8,"seen":{"s:15:59:49:Infinity":0,"f:15:59:15:60":0,"s:24:27:29:Infinity":1,"f:24:27:24:28":1,"b:25:8:25:Infinity:undefined:undefined:undefined:undefined":0,"s:25:8:25:Infinity":2,"b:25:12:25:21:25:21:25:31":1,"s:25:31:25:Infinity":3,"s:26:21:26:Infinity":4,"s:27:18:27:Infinity":5,"s:28:8:28:Infinity":6,"s:31:4:47:Infinity":7,"b:41:16:43:Infinity:44:16:44:Infinity":2,"b:40:13:40:29:40:29:40:65:40:65:40:Infinity":3}}}
,"/Users/davidsanchez/Documents/GitHub/depurador-horas-streamlit/react-frontend/src/core/ui/design/organisms/ResultCard.tsx": {"path":"/Users/davidsanchez/Documents/GitHub/depurador-horas-streamlit/react-frontend/src/core/ui/design/organisms/ResultCard.tsx","statementMap":{"0":{"start":{"line":18,"column":53},"end":{"line":173,"column":null}},"1":{"start":{"line":25,"column":20},"end":{"line":25,"column":null}},"2":{"start":{"line":26,"column":18},"end":{"line":26,"column":null}},"3":{"start":{"line":28,"column":8},"end":{"line":31,"column":null}},"4":{"start":{"line":33,"column":21},"end":{"line":33,"column":null}},"5":{"start":{"line":34,"column":62},"end":{"line":34,"column":null}},"6":{"start":{"line":35,"column":26},"end":{"line":35,"column":null}},"7":{"start":{"line":36,"column":4},"end":{"line":36,"column":null}},"8":{"start":{"line":36,"column":23},"end":{"line":36,"column":null}},"9":{"start":{"line":37,"column":4},"end":{"line":37,"column":null}},"10":{"start":{"line":37,"column":29},"end":{"line":37,"column":null}},"11":{"start":{"line":38,"column":4},"end":{"line":43,"column":null}},"12":{"start":{"line":39,"column":8},"end":{"line":42,"column":null}},"13":{"start":{"line":44,"column":4},"end":{"line":44,"column":null}},"14":{"start":{"line":44,"column":32},"end":{"line":44,"column":null}},"15":{"start":{"line":45,"column":27},"end":{"line":45,"column":null}},"16":{"start":{"line":47,"column":26},"end":{"line":68,"column":null}},"17":{"start":{"line":48,"column":8},"end":{"line":48,"column":null}},"18":{"start":{"line":48,"column":26},"end":{"line":48,"column":null}},"19":{"start":{"line":49,"column":8},"end":{"line":66,"column":null}},"20":{"start":{"line":59,"column":32},"end":{"line":61,"column":null}},"21":{"start":{"line":70,"column":4},"end":{"line":171,"column":null}},"22":{"start":{"line":84,"column":36},"end":{"line":84,"column":null}},"23":{"start":{"line":127,"column":40},"end":{"line":127,"column":null}},"24":{"start":{"line":140,"column":65},"end":{"line":140,"column":121}},"25":{"start":{"line":150,"column":28},"end":{"line":150,"column":null}}},"fnMap":{"0":{"name":"(anonymous_0)","decl":{"start":{"line":18,"column":53},"end":{"line":18,"column":54}},"loc":{"start":{"line":24,"column":6},"end":{"line":173,"column":null}},"line":24},"1":{"name":"(anonymous_1)","decl":{"start":{"line":47,"column":26},"end":{"line":47,"column":27}},"loc":{"start":{"line":47,"column":71},"end":{"line":68,"column":null}},"line":47},"2":{"name":"(anonymous_2)","decl":{"start":{"line":58,"column":54},"end":{"line":58,"column":55}},"loc":{"start":{"line":59,"column":32},"end":{"line":61,"column":null}},"line":59},"3":{"name":"(anonymous_3)","decl":{"start":{"line":83,"column":51},"end":{"line":83,"column":52}},"loc":{"start":{"line":84,"column":36},"end":{"line":84,"column":null}},"line":84},"4":{"name":"(anonymous_4)","decl":{"start":{"line":126,"column":65},"end":{"line":126,"column":66}},"loc":{"start":{"line":127,"column":40},"end":{"line":127,"column":null}},"line":127},"5":{"name":"(anonymous_5)","decl":{"start":{"line":140,"column":59},"end":{"line":140,"column":65}},"loc":{"start":{"line":140,"column":65},"end":{"line":140,"column":121}},"line":140},"6":{"name":"(anonymous_6)","decl":{"start":{"line":149,"column":33},"end":{"line":149,"column":null}},"loc":{"start":{"line":150,"column":28},"end":{"line":150,"column":null}},"line":150}},"branchMap":{"0":{"loc":{"start":{"line":26,"column":18},"end":{"line":26,"column":null}},"type":"binary-expr","locations":[{"start":{"line":26,"column":18},"end":{"line":26,"column":44}},{"start":{"line":26,"column":44},"end":{"line":26,"column":null}}],"line":26},"1":{"loc":{"start":{"line":28,"column":8},"end":{"line":31,"column":null}},"type":"binary-expr","locations":[{"start":{"line":28,"column":8},"end":{"line":28,"column":null}},{"start":{"line":29,"column":8},"end":{"line":29,"column":null}},{"start":{"line":30,"column":8},"end":{"line":30,"column":null}},{"start":{"line":31,"column":8},"end":{"line":31,"column":null}}],"line":28},"2":{"loc":{"start":{"line":33,"column":21},"end":{"line":33,"column":null}},"type":"binary-expr","locations":[{"start":{"line":33,"column":21},"end":{"line":33,"column":40}},{"start":{"line":33,"column":40},"end":{"line":33,"column":null}}],"line":33},"3":{"loc":{"start":{"line":35,"column":26},"end":{"line":35,"column":null}},"type":"binary-expr","locations":[{"start":{"line":35,"column":26},"end":{"line":35,"column":60}},{"start":{"line":35,"column":60},"end":{"line":35,"column":null}}],"line":35},"4":{"loc":{"start":{"line":36,"column":4},"end":{"line":36,"column":null}},"type":"if","locations":[{"start":{"line":36,"column":4},"end":{"line":36,"column":null}},{"start":{},"end":{}}],"line":36},"5":{"loc":{"start":{"line":37,"column":4},"end":{"line":37,"column":null}},"type":"if","locations":[{"start":{"line":37,"column":4},"end":{"line":37,"column":null}},{"start":{},"end":{}}],"line":37},"6":{"loc":{"start":{"line":38,"column":4},"end":{"line":43,"column":null}},"type":"if","locations":[{"start":{"line":38,"column":4},"end":{"line":43,"column":null}},{"start":{},"end":{}}],"line":38},"7":{"loc":{"start":{"line":38,"column":8},"end":{"line":38,"column":60}},"type":"binary-expr","locations":[{"start":{"line":38,"column":8},"end":{"line":38,"column":36}},{"start":{"line":38,"column":36},"end":{"line":38,"column":60}}],"line":38},"8":{"loc":{"start":{"line":44,"column":4},"end":{"line":44,"column":null}},"type":"if","locations":[{"start":{"line":44,"column":4},"end":{"line":44,"column":null}},{"start":{},"end":{}}],"line":44},"9":{"loc":{"start":{"line":48,"column":8},"end":{"line":48,"column":null}},"type":"if","locations":[{"start":{"line":48,"column":8},"end":{"line":48,"column":null}},{"start":{},"end":{}}],"line":48},"10":{"loc":{"start":{"line":54,"column":21},"end":{"line":63,"column":null}},"type":"cond-expr","locations":[{"start":{"line":55,"column":24},"end":{"line":55,"column":null}},{"start":{"line":57,"column":24},"end":{"line":63,"column":null}}],"line":54},"11":{"loc":{"start":{"line":77,"column":13},"end":{"line":89,"column":null}},"type":"binary-expr","locations":[{"start":{"line":77,"column":13},"end":{"line":77,"column":null}},{"start":{"line":78,"column":16},"end":{"line":89,"column":null}}],"line":77},"12":{"loc":{"start":{"line":92,"column":13},"end":{"line":98,"column":null}},"type":"binary-expr","locations":[{"start":{"line":92,"column":13},"end":{"line":92,"column":null}},{"start":{"line":93,"column":16},"end":{"line":98,"column":null}}],"line":92},"13":{"loc":{"start":{"line":100,"column":13},"end":{"line":103,"column":null}},"type":"binary-expr","locations":[{"start":{"line":100,"column":13},"end":{"line":100,"column":null}},{"start":{"line":101,"column":16},"end":{"line":103,"column":null}}],"line":100},"14":{"loc":{"start":{"line":102,"column":34},"end":{"line":102,"column":67}},"type":"cond-expr","locations":[{"start":{"line":102,"column":55},"end":{"line":102,"column":62}},{"start":{"line":102,"column":62},"end":{"line":102,"column":67}}],"line":102},"15":{"loc":{"start":{"line":102,"column":88},"end":{"line":102,"column":null}},"type":"binary-expr","locations":[{"start":{"line":102,"column":88},"end":{"line":102,"column":120}},{"start":{"line":102,"column":120},"end":{"line":102,"column":null}}],"line":102},"16":{"loc":{"start":{"line":106,"column":13},"end":{"line":133,"column":null}},"type":"binary-expr","locations":[{"start":{"line":106,"column":13},"end":{"line":106,"column":null}},{"start":{"line":107,"column":16},"end":{"line":133,"column":null}}],"line":106},"17":{"loc":{"start":{"line":113,"column":33},"end":{"line":116,"column":null}},"type":"cond-expr","locations":[{"start":{"line":115,"column":38},"end":{"line":115,"column":null}},{"start":{"line":116,"column":38},"end":{"line":116,"column":null}}],"line":113},"18":{"loc":{"start":{"line":113,"column":33},"end":{"line":114,"column":null}},"type":"binary-expr","locations":[{"start":{"line":113,"column":33},"end":{"line":113,"column":null}},{"start":{"line":114,"column":36},"end":{"line":114,"column":null}}],"line":113},"19":{"loc":{"start":{"line":119,"column":53},"end":{"line":119,"column":86}},"type":"binary-expr","locations":[{"start":{"line":119,"column":53},"end":{"line":119,"column":84}},{"start":{"line":119,"column":84},"end":{"line":119,"column":86}}],"line":119},"20":{"loc":{"start":{"line":119,"column":98},"end":{"line":119,"column":134}},"type":"binary-expr","locations":[{"start":{"line":119,"column":98},"end":{"line":119,"column":132}},{"start":{"line":119,"column":132},"end":{"line":119,"column":134}}],"line":119},"21":{"loc":{"start":{"line":119,"column":142},"end":{"line":119,"column":null}},"type":"binary-expr","locations":[{"start":{"line":119,"column":142},"end":{"line":119,"column":172}},{"start":{"line":119,"column":172},"end":{"line":119,"column":null}}],"line":119},"22":{"loc":{"start":{"line":122,"column":54},"end":{"line":122,"column":87}},"type":"binary-expr","locations":[{"start":{"line":122,"column":54},"end":{"line":122,"column":85}},{"start":{"line":122,"column":85},"end":{"line":122,"column":87}}],"line":122},"23":{"loc":{"start":{"line":122,"column":102},"end":{"line":122,"column":141}},"type":"binary-expr","locations":[{"start":{"line":122,"column":102},"end":{"line":122,"column":136}},{"start":{"line":122,"column":136},"end":{"line":122,"column":141}}],"line":122},"24":{"loc":{"start":{"line":122,"column":159},"end":{"line":122,"column":191}},"type":"binary-expr","locations":[{"start":{"line":122,"column":159},"end":{"line":122,"column":189}},{"start":{"line":122,"column":189},"end":{"line":122,"column":191}}],"line":122},"25":{"loc":{"start":{"line":122,"column":206},"end":{"line":122,"column":244}},"type":"binary-expr","locations":[{"start":{"line":122,"column":206},"end":{"line":122,"column":239}},{"start":{"line":122,"column":239},"end":{"line":122,"column":244}}],"line":122},"26":{"loc":{"start":{"line":124,"column":29},"end":{"line":129,"column":null}},"type":"binary-expr","locations":[{"start":{"line":124,"column":29},"end":{"line":124,"column":71}},{"start":{"line":124,"column":71},"end":{"line":124,"column":null}},{"start":{"line":125,"column":32},"end":{"line":129,"column":null}}],"line":124},"27":{"loc":{"start":{"line":136,"column":13},"end":{"line":143,"column":null}},"type":"binary-expr","locations":[{"start":{"line":136,"column":13},"end":{"line":136,"column":null}},{"start":{"line":137,"column":16},"end":{"line":137,"column":null}},{"start":{"line":138,"column":16},"end":{"line":138,"column":null}},{"start":{"line":139,"column":20},"end":{"line":143,"column":null}}],"line":136},"28":{"loc":{"start":{"line":145,"column":13},"end":{"line":155,"column":null}},"type":"binary-expr","locations":[{"start":{"line":145,"column":13},"end":{"line":145,"column":44}},{"start":{"line":145,"column":44},"end":{"line":145,"column":null}},{"start":{"line":146,"column":16},"end":{"line":155,"column":null}}],"line":145},"29":{"loc":{"start":{"line":160,"column":50},"end":{"line":160,"column":77}},"type":"binary-expr","locations":[{"start":{"line":160,"column":50},"end":{"line":160,"column":75}},{"start":{"line":160,"column":75},"end":{"line":160,"column":77}}],"line":160}},"s":{"0":1,"1":0,"2":0,"3":0,"4":0,"5":0,"6":0,"7":0,"8":0,"9":0,"10":0,"11":0,"12":0,"13":0,"14":0,"15":0,"16":0,"17":0,"18":0,"19":0,"20":0,"21":0,"22":0,"23":0,"24":0,"25":0},"f":{"0":0,"1":0,"2":0,"3":0,"4":0,"5":0,"6":0},"b":{"0":[0,0],"1":[0,0,0,0],"2":[0,0],"3":[0,0],"4":[0,0],"5":[0,0],"6":[0,0],"7":[0,0],"8":[0,0],"9":[0,0],"10":[0,0],"11":[0,0],"12":[0,0],"13":[0,0],"14":[0,0],"15":[0,0],"16":[0,0],"17":[0,0],"18":[0,0],"19":[0,0],"20":[0,0],"21":[0,0],"22":[0,0],"23":[0,0],"24":[0,0],"25":[0,0],"26":[0,0,0],"27":[0,0,0,0],"28":[0,0,0],"29":[0,0]},"meta":{"lastBranch":30,"lastFunction":7,"lastStatement":26,"seen":{"s:18:53:173:Infinity":0,"f:18:53:18:54":0,"s:25:20:25:Infinity":1,"s:26:18:26:Infinity":2,"b:26:18:26:44:26:44:26:Infinity":0,"s:28:8:31:Infinity":3,"b:28:8:28:Infinity:29:8:29:Infinity:30:8:30:Infinity:31:8:31:Infinity":1,"s:33:21:33:Infinity":4,"b:33:21:33:40:33:40:33:Infinity":2,"s:34:62:34:Infinity":5,"s:35:26:35:Infinity":6,"b:35:26:35:60:35:60:35:Infinity":3,"b:36:4:36:Infinity:undefined:undefined:undefined:undefined":4,"s:36:4:36:Infinity":7,"s:36:23:36:Infinity":8,"b:37:4:37:Infinity:undefined:undefined:undefined:undefined":5,"s:37:4:37:Infinity":9,"s:37:29:37:Infinity":10,"b:38:4:43:Infinity:undefined:undefined:undefined:undefined":6,"s:38:4:43:Infinity":11,"b:38:8:38:36:38:36:38:60":7,"s:39:8:42:Infinity":12,"b:44:4:44:Infinity:undefined:undefined:undefined:undefined":8,"s:44:4:44:Infinity":13,"s:44:32:44:Infinity":14,"s:45:27:45:Infinity":15,"s:47:26:68:Infinity":16,"f:47:26:47:27":1,"b:48:8:48:Infinity:undefined:undefined:undefined:undefined":9,"s:48:8:48:Infinity":17,"s:48:26:48:Infinity":18,"s:49:8:66:Infinity":19,"b:55:24:55:Infinity:57:24:63:Infinity":10,"f:58:54:58:55":2,"s:59:32:61:Infinity":20,"s:70:4:171:Infinity":21,"b:77:13:77:Infinity:78:16:89:Infinity":11,"f:83:51:83:52":3,"s:84:36:84:Infinity":22,"b:92:13:92:Infinity:93:16:98:Infinity":12,"b:100:13:100:Infinity:101:16:103:Infinity":13,"b:102:55:102:62:102:62:102:67":14,"b:102:88:102:120:102:120:102:Infinity":15,"b:106:13:106:Infinity:107:16:133:Infinity":16,"b:115:38:115:Infinity:116:38:116:Infinity":17,"b:113:33:113:Infinity:114:36:114:Infinity":18,"b:119:53:119:84:119:84:119:86":19,"b:119:98:119:132:119:132:119:134":20,"b:119:142:119:172:119:172:119:Infinity":21,"b:122:54:122:85:122:85:122:87":22,"b:122:102:122:136:122:136:122:141":23,"b:122:159:122:189:122:189:122:191":24,"b:122:206:122:239:122:239:122:244":25,"b:124:29:124:71:124:71:124:Infinity:125:32:129:Infinity":26,"f:126:65:126:66":4,"s:127:40:127:Infinity":23,"b:136:13:136:Infinity:137:16:137:Infinity:138:16:138:Infinity:139:20:143:Infinity":27,"f:140:59:140:65":5,"s:140:65:140:121":24,"b:145:13:145:44:145:44:145:Infinity:146:16:155:Infinity":28,"f:149:33:149:Infinity":6,"s:150:28:150:Infinity":25,"b:160:50:160:75:160:75:160:77":29}}}
,"/Users/davidsanchez/Documents/GitHub/depurador-horas-streamlit/react-frontend/src/core/ui/design/templates/MainLayout.tsx": {"path":"/Users/davidsanchez/Documents/GitHub/depurador-horas-streamlit/react-frontend/src/core/ui/design/templates/MainLayout.tsx","statementMap":{"0":{"start":{"line":21,"column":5},"end":{"line":99,"column":null}},"1":{"start":{"line":22,"column":4},"end":{"line":97,"column":null}},"2":{"start":{"line":52,"column":48},"end":{"line":52,"column":null}},"3":{"start":{"line":61,"column":48},"end":{"line":61,"column":null}}},"fnMap":{"0":{"name":"(anonymous_0)","decl":{"start":{"line":21,"column":5},"end":{"line":21,"column":6}},"loc":{"start":{"line":21,"column":45},"end":{"line":99,"column":null}},"line":21},"1":{"name":"(anonymous_1)","decl":{"start":{"line":52,"column":42},"end":{"line":52,"column":48}},"loc":{"start":{"line":52,"column":48},"end":{"line":52,"column":null}},"line":52},"2":{"name":"(anonymous_2)","decl":{"start":{"line":61,"column":42},"end":{"line":61,"column":48}},"loc":{"start":{"line":61,"column":48},"end":{"line":61,"column":null}},"line":61}},"branchMap":{"0":{"loc":{"start":{"line":23,"column":31},"end":{"line":23,"column":75}},"type":"cond-expr","locations":[{"start":{"line":23,"column":58},"end":{"line":23,"column":73}},{"start":{"line":23,"column":73},"end":{"line":23,"column":75}}],"line":23},"1":{"loc":{"start":{"line":78,"column":17},"end":{"line":83,"column":null}},"type":"binary-expr","locations":[{"start":{"line":78,"column":17},"end":{"line":78,"column":null}},{"start":{"line":79,"column":20},"end":{"line":83,"column":null}}],"line":78},"2":{"loc":{"start":{"line":81,"column":36},"end":{"line":81,"column":102}},"type":"binary-expr","locations":[{"start":{"line":81,"column":36},"end":{"line":81,"column":61}},{"start":{"line":81,"column":61},"end":{"line":81,"column":100}},{"start":{"line":81,"column":100},"end":{"line":81,"column":102}}],"line":81}},"s":{"0":2,"1":5,"2":0,"3":1},"f":{"0":5,"1":0,"2":1},"b":{"0":[1,4],"1":[5,5],"2":[5,0,0]},"meta":{"lastBranch":3,"lastFunction":3,"lastStatement":4,"seen":{"s:21:5:99:Infinity":0,"f:21:5:21:6":0,"s:22:4:97:Infinity":1,"b:23:58:23:73:23:73:23:75":0,"f:52:42:52:48":1,"s:52:48:52:Infinity":2,"f:61:42:61:48":2,"s:61:48:61:Infinity":3,"b:78:17:78:Infinity:79:20:83:Infinity":1,"b:81:36:81:61:81:61:81:100:81:100:81:102":2}}}
,"/Users/davidsanchez/Documents/GitHub/depurador-horas-streamlit/react-frontend/src/feat/auth/data/AuthRepositoryImpl.ts": {"path":"/Users/davidsanchez/Documents/GitHub/depurador-horas-streamlit/react-frontend/src/feat/auth/data/AuthRepositoryImpl.ts","statementMap":{"0":{"start":{"line":9,"column":4},"end":{"line":9,"column":null}},"1":{"start":{"line":13,"column":4},"end":{"line":13,"column":null}},"2":{"start":{"line":17,"column":4},"end":{"line":17,"column":null}},"3":{"start":{"line":21,"column":20},"end":{"line":21,"column":null}},"4":{"start":{"line":22,"column":4},"end":{"line":22,"column":null}},"5":{"start":{"line":22,"column":18},"end":{"line":22,"column":null}},"6":{"start":{"line":24,"column":4},"end":{"line":32,"column":null}},"7":{"start":{"line":25,"column":21},"end":{"line":25,"column":null}},"8":{"start":{"line":26,"column":6},"end":{"line":26,"column":null}},"9":{"start":{"line":28,"column":6},"end":{"line":30,"column":null}},"10":{"start":{"line":29,"column":8},"end":{"line":29,"column":null}},"11":{"start":{"line":31,"column":6},"end":{"line":31,"column":null}},"12":{"start":{"line":36,"column":20},"end":{"line":36,"column":null}},"13":{"start":{"line":37,"column":4},"end":{"line":37,"column":null}},"14":{"start":{"line":37,"column":18},"end":{"line":37,"column":null}},"15":{"start":{"line":39,"column":4},"end":{"line":43,"column":null}}},"fnMap":{"0":{"name":"(anonymous_0)","decl":{"start":{"line":8,"column":8},"end":{"line":8,"column":31}},"loc":{"start":{"line":8,"column":31},"end":{"line":10,"column":null}},"line":8},"1":{"name":"(anonymous_1)","decl":{"start":{"line":12,"column":8},"end":{"line":12,"column":32}},"loc":{"start":{"line":12,"column":32},"end":{"line":14,"column":null}},"line":12},"2":{"name":"(anonymous_2)","decl":{"start":{"line":16,"column":2},"end":{"line":16,"column":29}},"loc":{"start":{"line":16,"column":29},"end":{"line":18,"column":null}},"line":16},"3":{"name":"(anonymous_3)","decl":{"start":{"line":20,"column":8},"end":{"line":20,"column":49}},"loc":{"start":{"line":20,"column":49},"end":{"line":33,"column":null}},"line":20},"4":{"name":"(anonymous_4)","decl":{"start":{"line":35,"column":8},"end":{"line":35,"column":51}},"loc":{"start":{"line":35,"column":51},"end":{"line":44,"column":null}},"line":35}},"branchMap":{"0":{"loc":{"start":{"line":21,"column":20},"end":{"line":21,"column":null}},"type":"binary-expr","locations":[{"start":{"line":21,"column":20},"end":{"line":21,"column":55}},{"start":{"line":21,"column":55},"end":{"line":21,"column":null}}],"line":21},"1":{"loc":{"start":{"line":22,"column":4},"end":{"line":22,"column":null}},"type":"if","locations":[{"start":{"line":22,"column":4},"end":{"line":22,"column":null}},{"start":{},"end":{}}],"line":22},"2":{"loc":{"start":{"line":28,"column":6},"end":{"line":30,"column":null}},"type":"if","locations":[{"start":{"line":28,"column":6},"end":{"line":30,"column":null}},{"start":{},"end":{}}],"line":28},"3":{"loc":{"start":{"line":36,"column":20},"end":{"line":36,"column":null}},"type":"binary-expr","locations":[{"start":{"line":36,"column":20},"end":{"line":36,"column":55}},{"start":{"line":36,"column":55},"end":{"line":36,"column":null}}],"line":36},"4":{"loc":{"start":{"line":37,"column":4},"end":{"line":37,"column":null}},"type":"if","locations":[{"start":{"line":37,"column":4},"end":{"line":37,"column":null}},{"start":{},"end":{}}],"line":37},"5":{"loc":{"start":{"line":41,"column":12},"end":{"line":41,"column":null}},"type":"binary-expr","locations":[{"start":{"line":41,"column":12},"end":{"line":41,"column":28}},{"start":{"line":41,"column":28},"end":{"line":41,"column":null}}],"line":41}},"s":{"0":0,"1":0,"2":0,"3":0,"4":0,"5":0,"6":0,"7":0,"8":0,"9":0,"10":0,"11":0,"12":1,"13":1,"14":0,"15":1},"f":{"0":0,"1":0,"2":0,"3":0,"4":1},"b":{"0":[0,0],"1":[0,0],"2":[0,0],"3":[1,0],"4":[0,1],"5":[1,0]},"meta":{"lastBranch":6,"lastFunction":5,"lastStatement":16,"seen":{"f:8:8:8:31":0,"s:9:4:9:Infinity":0,"f:12:8:12:32":1,"s:13:4:13:Infinity":1,"f:16:2:16:29":2,"s:17:4:17:Infinity":2,"f:20:8:20:49":3,"s:21:20:21:Infinity":3,"b:21:20:21:55:21:55:21:Infinity":0,"b:22:4:22:Infinity:undefined:undefined:undefined:undefined":1,"s:22:4:22:Infinity":4,"s:22:18:22:Infinity":5,"s:24:4:32:Infinity":6,"s:25:21:25:Infinity":7,"s:26:6:26:Infinity":8,"b:28:6:30:Infinity:undefined:undefined:undefined:undefined":2,"s:28:6:30:Infinity":9,"s:29:8:29:Infinity":10,"s:31:6:31:Infinity":11,"f:35:8:35:51":4,"s:36:20:36:Infinity":12,"b:36:20:36:55:36:55:36:Infinity":3,"b:37:4:37:Infinity:undefined:undefined:undefined:undefined":4,"s:37:4:37:Infinity":13,"s:37:18:37:Infinity":14,"s:39:4:43:Infinity":15,"b:41:12:41:28:41:28:41:Infinity":5}}}
,"/Users/davidsanchez/Documents/GitHub/depurador-horas-streamlit/react-frontend/src/feat/auth/presentation/view_model/AuthViewModel.ts": {"path":"/Users/davidsanchez/Documents/GitHub/depurador-horas-streamlit/react-frontend/src/feat/auth/presentation/view_model/AuthViewModel.ts","statementMap":{"0":{"start":{"line":5,"column":32},"end":{"line":36,"column":null}},"1":{"start":{"line":6,"column":21},"end":{"line":6,"column":null}},"2":{"start":{"line":8,"column":22},"end":{"line":8,"column":null}},"3":{"start":{"line":9,"column":28},"end":{"line":9,"column":null}},"4":{"start":{"line":11,"column":19},"end":{"line":15,"column":null}},"5":{"start":{"line":12,"column":24},"end":{"line":12,"column":null}},"6":{"start":{"line":13,"column":4},"end":{"line":13,"column":null}},"7":{"start":{"line":14,"column":4},"end":{"line":14,"column":null}},"8":{"start":{"line":17,"column":16},"end":{"line":19,"column":null}},"9":{"start":{"line":18,"column":4},"end":{"line":18,"column":null}},"10":{"start":{"line":21,"column":17},"end":{"line":23,"column":null}},"11":{"start":{"line":22,"column":4},"end":{"line":22,"column":null}},"12":{"start":{"line":25,"column":2},"end":{"line":27,"column":null}},"13":{"start":{"line":26,"column":4},"end":{"line":26,"column":null}},"14":{"start":{"line":29,"column":2},"end":{"line":35,"column":null}}},"fnMap":{"0":{"name":"(anonymous_0)","decl":{"start":{"line":5,"column":32},"end":{"line":5,"column":38}},"loc":{"start":{"line":5,"column":38},"end":{"line":36,"column":null}},"line":5},"1":{"name":"(anonymous_1)","decl":{"start":{"line":11,"column":19},"end":{"line":11,"column":31}},"loc":{"start":{"line":11,"column":31},"end":{"line":15,"column":null}},"line":11},"2":{"name":"(anonymous_2)","decl":{"start":{"line":17,"column":16},"end":{"line":17,"column":28}},"loc":{"start":{"line":17,"column":28},"end":{"line":19,"column":null}},"line":17},"3":{"name":"(anonymous_3)","decl":{"start":{"line":21,"column":17},"end":{"line":21,"column":29}},"loc":{"start":{"line":21,"column":29},"end":{"line":23,"column":null}},"line":21},"4":{"name":"(anonymous_4)","decl":{"start":{"line":25,"column":12},"end":{"line":25,"column":18}},"loc":{"start":{"line":25,"column":18},"end":{"line":27,"column":5}},"line":25}},"branchMap":{},"s":{"0":1,"1":6,"2":6,"3":6,"4":6,"5":3,"6":3,"7":3,"8":6,"9":1,"10":6,"11":1,"12":6,"13":3,"14":6},"f":{"0":6,"1":3,"2":1,"3":1,"4":3},"b":{},"meta":{"lastBranch":0,"lastFunction":5,"lastStatement":15,"seen":{"s:5:32:36:Infinity":0,"f:5:32:5:38":0,"s:6:21:6:Infinity":1,"s:8:22:8:Infinity":2,"s:9:28:9:Infinity":3,"s:11:19:15:Infinity":4,"f:11:19:11:31":1,"s:12:24:12:Infinity":5,"s:13:4:13:Infinity":6,"s:14:4:14:Infinity":7,"s:17:16:19:Infinity":8,"f:17:16:17:28":2,"s:18:4:18:Infinity":9,"s:21:17:23:Infinity":10,"f:21:17:21:29":3,"s:22:4:22:Infinity":11,"s:25:2:27:Infinity":12,"f:25:12:25:18":4,"s:26:4:26:Infinity":13,"s:29:2:35:Infinity":14}}}
,"/Users/davidsanchez/Documents/GitHub/depurador-horas-streamlit/react-frontend/src/feat/timesheet/data/TimesheetRepositoryImpl.ts": {"path":"/Users/davidsanchez/Documents/GitHub/depurador-horas-streamlit/react-frontend/src/feat/timesheet/data/TimesheetRepositoryImpl.ts","statementMap":{"0":{"start":{"line":13,"column":8},"end":{"line":13,"column":null}},"1":{"start":{"line":17,"column":8},"end":{"line":17,"column":null}},"2":{"start":{"line":21,"column":8},"end":{"line":21,"column":null}},"3":{"start":{"line":25,"column":8},"end":{"line":25,"column":null}},"4":{"start":{"line":29,"column":8},"end":{"line":29,"column":null}},"5":{"start":{"line":33,"column":8},"end":{"line":33,"column":null}},"6":{"start":{"line":37,"column":8},"end":{"line":37,"column":null}},"7":{"start":{"line":41,"column":8},"end":{"line":41,"column":null}},"8":{"start":{"line":45,"column":8},"end":{"line":45,"column":null}}},"fnMap":{"0":{"name":"(anonymous_0)","decl":{"start":{"line":12,"column":10},"end":{"line":12,"column":44}},"loc":{"start":{"line":12,"column":44},"end":{"line":14,"column":null}},"line":12},"1":{"name":"(anonymous_1)","decl":{"start":{"line":16,"column":10},"end":{"line":16,"column":59}},"loc":{"start":{"line":16,"column":59},"end":{"line":18,"column":null}},"line":16},"2":{"name":"(anonymous_2)","decl":{"start":{"line":20,"column":10},"end":{"line":20,"column":23}},"loc":{"start":{"line":20,"column":69},"end":{"line":22,"column":null}},"line":20},"3":{"name":"(anonymous_3)","decl":{"start":{"line":24,"column":10},"end":{"line":24,"column":23}},"loc":{"start":{"line":24,"column":98},"end":{"line":26,"column":null}},"line":24},"4":{"name":"(anonymous_4)","decl":{"start":{"line":28,"column":10},"end":{"line":28,"column":28}},"loc":{"start":{"line":28,"column":76},"end":{"line":30,"column":null}},"line":28},"5":{"name":"(anonymous_5)","decl":{"start":{"line":32,"column":10},"end":{"line":32,"column":28}},"loc":{"start":{"line":32,"column":100},"end":{"line":34,"column":null}},"line":32},"6":{"name":"(anonymous_6)","decl":{"start":{"line":36,"column":10},"end":{"line":36,"column":27}},"loc":{"start":{"line":36,"column":91},"end":{"line":38,"column":null}},"line":36},"7":{"name":"(anonymous_7)","decl":{"start":{"line":40,"column":10},"end":{"line":40,"column":27}},"loc":{"start":{"line":40,"column":113},"end":{"line":42,"column":null}},"line":40},"8":{"name":"(anonymous_8)","decl":{"start":{"line":44,"column":10},"end":{"line":44,"column":23}},"loc":{"start":{"line":44,"column":54},"end":{"line":46,"column":null}},"line":44}},"branchMap":{},"s":{"0":1,"1":1,"2":1,"3":1,"4":1,"5":1,"6":1,"7":1,"8":1},"f":{"0":1,"1":1,"2":1,"3":1,"4":1,"5":1,"6":1,"7":1,"8":1},"b":{},"meta":{"lastBranch":0,"lastFunction":9,"lastStatement":9,"seen":{"f:12:10:12:44":0,"s:13:8:13:Infinity":0,"f:16:10:16:59":1,"s:17:8:17:Infinity":1,"f:20:10:20:23":2,"s:21:8:21:Infinity":2,"f:24:10:24:23":3,"s:25:8:25:Infinity":3,"f:28:10:28:28":4,"s:29:8:29:Infinity":4,"f:32:10:32:28":5,"s:33:8:33:Infinity":5,"f:36:10:36:27":6,"s:37:8:37:Infinity":6,"f:40:10:40:27":7,"s:41:8:41:Infinity":7,"f:44:10:44:23":8,"s:45:8:45:Infinity":8}}}
,"/Users/davidsanchez/Documents/GitHub/depurador-horas-streamlit/react-frontend/src/feat/timesheet/presentation/page/TimesheetPage.tsx": {"path":"/Users/davidsanchez/Documents/GitHub/depurador-horas-streamlit/react-frontend/src/feat/timesheet/presentation/page/TimesheetPage.tsx","statementMap":{"0":{"start":{"line":17,"column":39},"end":{"line":211,"column":null}},"1":{"start":{"line":18,"column":10},"end":{"line":18,"column":null}},"2":{"start":{"line":20,"column":30},"end":{"line":49,"column":null}},"3":{"start":{"line":21,"column":21},"end":{"line":21,"column":null}},"4":{"start":{"line":21,"column":43},"end":{"line":21,"column":65}},"5":{"start":{"line":22,"column":8},"end":{"line":22,"column":null}},"6":{"start":{"line":22,"column":30},"end":{"line":22,"column":null}},"7":{"start":{"line":23,"column":18},"end":{"line":25,"column":null}},"8":{"start":{"line":24,"column":19},"end":{"line":24,"column":null}},"9":{"start":{"line":26,"column":18},"end":{"line":26,"column":null}},"10":{"start":{"line":26,"column":34},"end":{"line":26,"column":63}},"11":{"start":{"line":27,"column":22},"end":{"line":27,"column":null}},"12":{"start":{"line":27,"column":38},"end":{"line":27,"column":67}},"13":{"start":{"line":28,"column":8},"end":{"line":47,"column":null}},"14":{"start":{"line":51,"column":34},"end":{"line":78,"column":null}},"15":{"start":{"line":52,"column":8},"end":{"line":78,"column":null}},"16":{"start":{"line":64,"column":20},"end":{"line":75,"column":null}},"17":{"start":{"line":81,"column":4},"end":{"line":209,"column":null}},"18":{"start":{"line":102,"column":24},"end":{"line":112,"column":null}},"19":{"start":{"line":103,"column":41},"end":{"line":103,"column":null}},"20":{"start":{"line":104,"column":28},"end":{"line":107,"column":null}},"21":{"start":{"line":105,"column":32},"end":{"line":105,"column":null}},"22":{"start":{"line":106,"column":32},"end":{"line":106,"column":null}},"23":{"start":{"line":109,"column":28},"end":{"line":111,"column":null}},"24":{"start":{"line":110,"column":32},"end":{"line":110,"column":null}},"25":{"start":{"line":114,"column":41},"end":{"line":114,"column":null}},"26":{"start":{"line":142,"column":41},"end":{"line":142,"column":null}},"27":{"start":{"line":150,"column":45},"end":{"line":150,"column":null}},"28":{"start":{"line":166,"column":45},"end":{"line":166,"column":null}},"29":{"start":{"line":188,"column":32},"end":{"line":195,"column":null}}},"fnMap":{"0":{"name":"(anonymous_0)","decl":{"start":{"line":17,"column":39},"end":{"line":17,"column":45}},"loc":{"start":{"line":17,"column":45},"end":{"line":211,"column":null}},"line":17},"1":{"name":"(anonymous_1)","decl":{"start":{"line":20,"column":30},"end":{"line":20,"column":31}},"loc":{"start":{"line":20,"column":57},"end":{"line":49,"column":null}},"line":20},"2":{"name":"(anonymous_2)","decl":{"start":{"line":21,"column":36},"end":{"line":21,"column":37}},"loc":{"start":{"line":21,"column":43},"end":{"line":21,"column":65}},"line":21},"3":{"name":"(anonymous_3)","decl":{"start":{"line":24,"column":12},"end":{"line":24,"column":13}},"loc":{"start":{"line":24,"column":19},"end":{"line":24,"column":null}},"line":24},"4":{"name":"(anonymous_4)","decl":{"start":{"line":26,"column":27},"end":{"line":26,"column":28}},"loc":{"start":{"line":26,"column":34},"end":{"line":26,"column":63}},"line":26},"5":{"name":"(anonymous_5)","decl":{"start":{"line":27,"column":31},"end":{"line":27,"column":32}},"loc":{"start":{"line":27,"column":38},"end":{"line":27,"column":67}},"line":27},"6":{"name":"(anonymous_6)","decl":{"start":{"line":51,"column":34},"end":{"line":51,"column":35}},"loc":{"start":{"line":52,"column":8},"end":{"line":78,"column":null}},"line":52},"7":{"name":"(anonymous_7)","decl":{"start":{"line":63,"column":29},"end":{"line":63,"column":30}},"loc":{"start":{"line":64,"column":20},"end":{"line":75,"column":null}},"line":64},"8":{"name":"(anonymous_8)","decl":{"start":{"line":101,"column":34},"end":{"line":101,"column":35}},"loc":{"start":{"line":101,"column":41},"end":{"line":113,"column":null}},"line":101},"9":{"name":"(anonymous_9)","decl":{"start":{"line":114,"column":34},"end":{"line":114,"column":35}},"loc":{"start":{"line":114,"column":41},"end":{"line":114,"column":null}},"line":114},"10":{"name":"(anonymous_10)","decl":{"start":{"line":142,"column":34},"end":{"line":142,"column":35}},"loc":{"start":{"line":142,"column":41},"end":{"line":142,"column":null}},"line":142},"11":{"name":"(anonymous_11)","decl":{"start":{"line":150,"column":38},"end":{"line":150,"column":39}},"loc":{"start":{"line":150,"column":45},"end":{"line":150,"column":null}},"line":150},"12":{"name":"(anonymous_12)","decl":{"start":{"line":166,"column":38},"end":{"line":166,"column":39}},"loc":{"start":{"line":166,"column":45},"end":{"line":166,"column":null}},"line":166},"13":{"name":"(anonymous_13)","decl":{"start":{"line":187,"column":111},"end":{"line":187,"column":112}},"loc":{"start":{"line":188,"column":32},"end":{"line":195,"column":null}},"line":188}},"branchMap":{"0":{"loc":{"start":{"line":21,"column":43},"end":{"line":21,"column":65}},"type":"binary-expr","locations":[{"start":{"line":21,"column":43},"end":{"line":21,"column":56}},{"start":{"line":21,"column":56},"end":{"line":21,"column":65}}],"line":21},"1":{"loc":{"start":{"line":22,"column":8},"end":{"line":22,"column":null}},"type":"if","locations":[{"start":{"line":22,"column":8},"end":{"line":22,"column":null}},{"start":{},"end":{}}],"line":22},"2":{"loc":{"start":{"line":24,"column":19},"end":{"line":24,"column":null}},"type":"binary-expr","locations":[{"start":{"line":24,"column":19},"end":{"line":24,"column":48}},{"start":{"line":24,"column":48},"end":{"line":24,"column":74}},{"start":{"line":24,"column":74},"end":{"line":24,"column":90}},{"start":{"line":24,"column":90},"end":{"line":24,"column":null}}],"line":24},"3":{"loc":{"start":{"line":26,"column":34},"end":{"line":26,"column":63}},"type":"binary-expr","locations":[{"start":{"line":26,"column":34},"end":{"line":26,"column":62}},{"start":{"line":26,"column":62},"end":{"line":26,"column":63}}],"line":26},"4":{"loc":{"start":{"line":27,"column":38},"end":{"line":27,"column":67}},"type":"binary-expr","locations":[{"start":{"line":27,"column":38},"end":{"line":27,"column":66}},{"start":{"line":27,"column":66},"end":{"line":27,"column":67}}],"line":27},"5":{"loc":{"start":{"line":65,"column":29},"end":{"line":65,"column":83}},"type":"binary-expr","locations":[{"start":{"line":65,"column":29},"end":{"line":65,"column":55}},{"start":{"line":65,"column":55},"end":{"line":65,"column":71}},{"start":{"line":65,"column":71},"end":{"line":65,"column":83}}],"line":65},"6":{"loc":{"start":{"line":66,"column":29},"end":{"line":66,"column":63}},"type":"binary-expr","locations":[{"start":{"line":66,"column":29},"end":{"line":66,"column":59}},{"start":{"line":66,"column":59},"end":{"line":66,"column":63}}],"line":66},"7":{"loc":{"start":{"line":67,"column":29},"end":{"line":67,"column":73}},"type":"binary-expr","locations":[{"start":{"line":67,"column":29},"end":{"line":67,"column":69}},{"start":{"line":67,"column":69},"end":{"line":67,"column":73}}],"line":67},"8":{"loc":{"start":{"line":68,"column":29},"end":{"line":68,"column":61}},"type":"binary-expr","locations":[{"start":{"line":68,"column":29},"end":{"line":68,"column":57}},{"start":{"line":68,"column":57},"end":{"line":68,"column":61}}],"line":68},"9":{"loc":{"start":{"line":72,"column":57},"end":{"line":72,"column":86}},"type":"binary-expr","locations":[{"start":{"line":72,"column":57},"end":{"line":72,"column":85}},{"start":{"line":72,"column":85},"end":{"line":72,"column":86}}],"line":72},"10":{"loc":{"start":{"line":93,"column":25},"end":{"line":93,"column":null}},"type":"cond-expr","locations":[{"start":{"line":93,"column":62},"end":{"line":93,"column":91}},{"start":{"line":93,"column":91},"end":{"line":93,"column":null}}],"line":93},"11":{"loc":{"start":{"line":98,"column":27},"end":{"line":98,"column":null}},"type":"cond-expr","locations":[{"start":{"line":98,"column":65},"end":{"line":98,"column":113}},{"start":{"line":98,"column":113},"end":{"line":98,"column":null}}],"line":98},"12":{"loc":{"start":{"line":98,"column":65},"end":{"line":98,"column":113}},"type":"cond-expr","locations":[{"start":{"line":98,"column":85},"end":{"line":98,"column":107}},{"start":{"line":98,"column":107},"end":{"line":98,"column":113}}],"line":98},"13":{"loc":{"start":{"line":100,"column":30},"end":{"line":100,"column":null}},"type":"cond-expr","locations":[{"start":{"line":100,"column":66},"end":{"line":100,"column":85}},{"start":{"line":100,"column":85},"end":{"line":100,"column":null}}],"line":100},"14":{"loc":{"start":{"line":102,"column":24},"end":{"line":112,"column":null}},"type":"if","locations":[{"start":{"line":102,"column":24},"end":{"line":112,"column":null}},{"start":{"line":108,"column":31},"end":{"line":112,"column":null}}],"line":102},"15":{"loc":{"start":{"line":104,"column":28},"end":{"line":107,"column":null}},"type":"if","locations":[{"start":{"line":104,"column":28},"end":{"line":107,"column":null}},{"start":{},"end":{}}],"line":104},"16":{"loc":{"start":{"line":109,"column":28},"end":{"line":111,"column":null}},"type":"if","locations":[{"start":{"line":109,"column":28},"end":{"line":111,"column":null}},{"start":{},"end":{}}],"line":109},"17":{"loc":{"start":{"line":114,"column":41},"end":{"line":114,"column":null}},"type":"cond-expr","locations":[{"start":{"line":114,"column":78},"end":{"line":114,"column":107}},{"start":{"line":114,"column":107},"end":{"line":114,"column":null}}],"line":114},"18":{"loc":{"start":{"line":117,"column":17},"end":{"line":123,"column":null}},"type":"binary-expr","locations":[{"start":{"line":117,"column":17},"end":{"line":117,"column":44}},{"start":{"line":117,"column":44},"end":{"line":117,"column":null}},{"start":{"line":118,"column":20},"end":{"line":123,"column":null}}],"line":117},"19":{"loc":{"start":{"line":120,"column":32},"end":{"line":120,"column":null}},"type":"binary-expr","locations":[{"start":{"line":120,"column":32},"end":{"line":120,"column":59}},{"start":{"line":120,"column":59},"end":{"line":120,"column":null}}],"line":120},"20":{"loc":{"start":{"line":125,"column":17},"end":{"line":125,"column":null}},"type":"binary-expr","locations":[{"start":{"line":125,"column":17},"end":{"line":125,"column":39}},{"start":{"line":125,"column":39},"end":{"line":125,"column":77}},{"start":{"line":125,"column":77},"end":{"line":125,"column":null}}],"line":125},"21":{"loc":{"start":{"line":127,"column":17},"end":{"line":133,"column":null}},"type":"binary-expr","locations":[{"start":{"line":127,"column":17},"end":{"line":127,"column":39}},{"start":{"line":127,"column":39},"end":{"line":127,"column":null}},{"start":{"line":128,"column":20},"end":{"line":133,"column":null}}],"line":127},"22":{"loc":{"start":{"line":135,"column":17},"end":{"line":135,"column":null}},"type":"binary-expr","locations":[{"start":{"line":135,"column":17},"end":{"line":135,"column":34}},
[...]
umn":null}}],"line":325},"47":{"loc":{"start":{"line":330,"column":31},"end":{"line":330,"column":80}},"type":"binary-expr","locations":[{"start":{"line":330,"column":31},"end":{"line":330,"column":47}},{"start":{"line":330,"column":47},"end":{"line":330,"column":80}}],"line":330},"48":{"loc":{"start":{"line":337,"column":8},"end":{"line":337,"column":null}},"type":"if","locations":[{"start":{"line":337,"column":8},"end":{"line":337,"column":null}},{"start":{},"end":{}}],"line":337},"49":{"loc":{"start":{"line":344,"column":49},"end":{"line":344,"column":88}},"type":"binary-expr","locations":[{"start":{"line":344,"column":49},"end":{"line":344,"column":87}},{"start":{"line":344,"column":87},"end":{"line":344,"column":88}}],"line":344},"50":{"loc":{"start":{"line":345,"column":30},"end":{"line":345,"column":null}},"type":"cond-expr","locations":[{"start":{"line":345,"column":67},"end":{"line":345,"column":71}},{"start":{"line":345,"column":71},"end":{"line":345,"column":null}}],"line":345},"51":{"loc":{"start":{"line":349,"column":27},"end":{"line":349,"column":null}},"type":"binary-expr","locations":[{"start":{"line":349,"column":27},"end":{"line":349,"column":66}},{"start":{"line":349,"column":66},"end":{"line":349,"column":null}}],"line":349},"52":{"loc":{"start":{"line":353,"column":33},"end":{"line":353,"column":55}},"type":"binary-expr","locations":[{"start":{"line":353,"column":33},"end":{"line":353,"column":53}},{"start":{"line":353,"column":53},"end":{"line":353,"column":55}}],"line":353},"53":{"loc":{"start":{"line":355,"column":38},"end":{"line":355,"column":67}},"type":"binary-expr","locations":[{"start":{"line":355,"column":38},"end":{"line":355,"column":63}},{"start":{"line":355,"column":63},"end":{"line":355,"column":67}}],"line":355},"54":{"loc":{"start":{"line":356,"column":37},"end":{"line":356,"column":66}},"type":"binary-expr","locations":[{"start":{"line":356,"column":37},"end":{"line":356,"column":62}},{"start":{"line":356,"column":62},"end":{"line":356,"column":66}}],"line":356},"55":{"loc":{"start":{"line":357,"column":33},"end":{"line":357,"column":62}},"type":"binary-expr","locations":[{"start":{"line":357,"column":33},"end":{"line":357,"column":60}},{"start":{"line":357,"column":60},"end":{"line":357,"column":62}}],"line":357},"56":{"loc":{"start":{"line":358,"column":12},"end":{"line":360,"column":null}},"type":"if","locations":[{"start":{"line":358,"column":12},"end":{"line":360,"column":null}},{"start":{},"end":{}}],"line":358},"57":{"loc":{"start":{"line":363,"column":31},"end":{"line":363,"column":74}},"type":"binary-expr","locations":[{"start":{"line":363,"column":31},"end":{"line":363,"column":47}},{"start":{"line":363,"column":47},"end":{"line":363,"column":74}}],"line":363},"58":{"loc":{"start":{"line":374,"column":24},"end":{"line":374,"column":null}},"type":"binary-expr","locations":[{"start":{"line":374,"column":24},"end":{"line":374,"column":49}},{"start":{"line":374,"column":49},"end":{"line":374,"column":null}}],"line":374},"59":{"loc":{"start":{"line":379,"column":8},"end":{"line":393,"column":null}},"type":"if","locations":[{"start":{"line":379,"column":8},"end":{"line":393,"column":null}},{"start":{"line":387,"column":15},"end":{"line":393,"column":null}}],"line":379},"60":{"loc":{"start":{"line":398,"column":8},"end":{"line":400,"column":null}},"type":"if","locations":[{"start":{"line":398,"column":8},"end":{"line":400,"column":null}},{"start":{},"end":{}}],"line":398},"61":{"loc":{"start":{"line":405,"column":8},"end":{"line":407,"column":null}},"type":"if","locations":[{"start":{"line":405,"column":8},"end":{"line":407,"column":null}},{"start":{},"end":{}}],"line":405},"62":{"loc":{"start":{"line":411,"column":8},"end":{"line":419,"column":null}},"type":"cond-expr","locations":[{"start":{"line":412,"column":14},"end":{"line":416,"column":null}},{"start":{"line":417,"column":14},"end":{"line":419,"column":null}}],"line":411},"63":{"loc":{"start":{"line":412,"column":14},"end":{"line":416,"column":null}},"type":"cond-expr","locations":[{"start":{"line":413,"column":18},"end":{"line":413,"column":null}},{"start":{"line":414,"column":18},"end":{"line":416,"column":null}}],"line":412},"64":{"loc":{"start":{"line":414,"column":18},"end":{"line":416,"column":null}},"type":"cond-expr","locations":[{"start":{"line":415,"column":22},"end":{"line":415,"column":null}},{"start":{"line":416,"column":22},"end":{"line":416,"column":null}}],"line":414},"65":{"loc":{"start":{"line":417,"column":14},"end":{"line":419,"column":null}},"type":"cond-expr","locations":[{"start":{"line":418,"column":18},"end":{"line":418,"column":null}},{"start":{"line":419,"column":18},"end":{"line":419,"column":null}}],"line":417},"66":{"loc":{"start":{"line":422,"column":8},"end":{"line":432,"column":null}},"type":"cond-expr","locations":[{"start":{"line":423,"column":14},"end":{"line":427,"column":null}},{"start":{"line":428,"column":14},"end":{"line":432,"column":null}}],"line":422},"67":{"loc":{"start":{"line":423,"column":14},"end":{"line":427,"column":null}},"type":"cond-expr","locations":[{"start":{"line":424,"column":18},"end":{"line":424,"column":null}},{"start":{"line":425,"column":18},"end":{"line":427,"column":null}}],"line":423},"68":{"loc":{"start":{"line":425,"column":18},"end":{"line":427,"column":null}},"type":"cond-expr","locations":[{"start":{"line":426,"column":22},"end":{"line":426,"column":null}},{"start":{"line":427,"column":22},"end":{"line":427,"column":null}}],"line":425},"69":{"loc":{"start":{"line":428,"column":14},"end":{"line":432,"column":null}},"type":"cond-expr","locations":[{"start":{"line":429,"column":18},"end":{"line":429,"column":null}},{"start":{"line":430,"column":18},"end":{"line":432,"column":null}}],"line":428},"70":{"loc":{"start":{"line":430,"column":18},"end":{"line":432,"column":null}},"type":"cond-expr","locations":[{"start":{"line":431,"column":22},"end":{"line":431,"column":null}},{"start":{"line":432,"column":22},"end":{"line":432,"column":null}}],"line":430}},"s":{"0":2,"1":43,"2":43,"3":9,"4":9,"5":43,"6":43,"7":43,"8":43,"9":43,"10":43,"11":43,"12":43,"13":43,"14":43,"15":43,"16":43,"17":43,"18":43,"19":43,"20":43,"21":43,"22":43,"23":43,"24":43,"25":43,"26":43,"27":43,"28":43,"29":43,"30":43,"31":43,"32":43,"33":43,"34":43,"35":43,"36":43,"37":43,"38":43,"39":43,"40":43,"41":43,"42":43,"43":43,"44":43,"45":43,"46":43,"47":43,"48":43,"49":43,"50":16,"51":16,"52":7,"53":16,"54":43,"55":9,"56":0,"57":9,"58":0,"59":43,"60":11,"61":43,"62":15,"63":15,"64":15,"65":15,"66":0,"67":0,"68":0,"69":0,"70":0,"71":0,"72":0,"73":0,"74":0,"75":43,"76":10,"77":10,"78":10,"79":10,"80":0,"81":0,"82":0,"83":0,"84":0,"85":0,"86":0,"87":0,"88":0,"89":0,"90":43,"91":9,"92":0,"93":0,"94":0,"95":0,"96":0,"97":0,"98":0,"99":0,"100":0,"101":9,"102":0,"103":9,"104":9,"105":9,"106":9,"107":9,"108":43,"109":16,"110":11,"111":11,"112":11,"113":11,"114":5,"115":5,"116":5,"117":5,"118":5,"119":5,"120":0,"121":43,"122":18,"123":0,"124":0,"125":0,"126":43,"127":2,"128":43,"129":3,"130":0,"131":3,"132":3,"133":3,"134":3,"135":3,"136":3,"137":3,"138":3,"139":3,"140":2,"141":3,"142":3,"143":3,"144":3,"145":3,"146":1,"147":3,"148":0,"149":0,"150":0,"151":0,"152":0,"153":3,"154":0,"155":3,"156":0,"157":3,"158":0,"159":2,"160":0,"161":0,"162":0,"163":0,"164":2,"165":1,"166":3,"167":43,"168":1,"169":0,"170":1,"171":1,"172":1,"173":1,"174":1,"175":1,"176":1,"177":0,"178":1,"179":43,"180":1,"181":0,"182":1,"183":1,"184":1,"185":1,"186":1,"187":1,"188":1,"189":1,"190":1,"191":43,"192":1,"193":1,"194":1,"195":1,"196":1,"197":1,"198":0,"199":1,"200":43,"201":1,"202":1,"203":0,"204":0,"205":0,"206":0,"207":0,"208":0,"209":0,"210":1,"211":1,"212":1,"213":0,"214":1,"215":1,"216":1,"217":1,"218":1,"219":0,"220":0,"221":0,"222":0,"223":43,"224":0,"225":0,"226":43,"227":0,"228":0,"229":0,"230":0,"231":0,"232":0,"233":0,"234":0,"235":0,"236":0,"237":0,"238":43,"239":1,"240":1,"241":1,"242":1,"243":0,"244":43,"245":1,"246":1,"247":0,"248":43,"249":43,"250":43},"f":{"0":43,"1":9,"2":16,"3":7,"4":9,"5":0,"6":0,"7":11,"8":15,"9":0,"10":0,"11":10,"12":0,"13":0,"14":9,"15":0,"16":0,"17":0,"18":9,"19":16,"20":5,"21":0,"22":18,"23":2,"24":3,"25":1,"26":0,"27":0,"28":0,"29":1,"30":1,"31":1,"32":1,"33":0,"34":0,"35":0,"36":1,"37":1,"38":1,"39":1},"b":{"0":[0,9],"1":[15,0],"2":[10,0],"3":[0,0],"4":[0,0],"5":[11,5],"6":[5,0],"7":[5,0],"8":[5,0],"9":[5,5],"10":[5,5],"11":[5,5],"12":[0,18],"13":[18,5],"14":[0,0],"15":[0,0],"16":[0,0],"17":[0,0],"18":[0,0],"19":[1,1],"20":[0,3],"21":[2,1],"22":[2,0],"23":[3,2],"24":[0,2],"25":[0,2],"26":[3,0],"27":[0,0],"28":[0,0],"29":[0,0],"30":[0,0],"31":[0,0,0,0],"32":[0,3],"33":[3,0],"34":[0,2],"35":[2,0,0,0],"36":[1,0],"37":[0,1],"38":[0,1],"39":[0,1],"40":[1,1],"41":[1,0],"42":[0,0],"43":[0,1],"44":[1,1],"45":[0,1],"46":[0,1],"47":[0,0],"48":[1,0],"49":[0,0],"50":[0,0],"51":[1,0],"52":[0,0],"53":[1,0],"54":[1,0],"55":[1,0],"56":[0,1],"57":[0,0],"58":[0,0],"59":[0,0],"60":[0,1],"61":[0,1],"62":[43,0],"63":[2,41],"64":[0,41],"65":[0,0],"66":[43,0],"67":[0,43],"68":[0,43],"69":[0,0],"70":[0,0]},"meta":{"lastBranch":71,"lastFunction":40,"lastStatement":251,"seen":{"s:13:37:507:Infinity":0,"f:13:37:13:43":0,"s:14:23:14:Infinity":1,"s:16:26:19:Infinity":2,"f:16:57:16:63":1,"s:17:22:17:Infinity":3,"s:18:8:18:Infinity":4,"b:18:34:18:43:18:43:18:Infinity":0,"s:21:44:21:Infinity":5,"s:22:32:22:Infinity":6,"s:23:32:23:Infinity":7,"s:25:46:25:Infinity":8,"s:26:40:26:Infinity":9,"s:28:36:28:Infinity":10,"s:29:44:29:Infinity":11,"s:30:40:35:Infinity":12,"s:36:56:36:Infinity":13,"s:37:48:37:Infinity":14,"s:38:40:38:Infinity":15,"s:39:30:39:Infinity":16,"s:40:46:40:Infinity":17,"s:41:40:41:Infinity":18,"s:42:48:42:Infinity":19,"s:43:36:43:Infinity":20,"s:44:40:44:Infinity":21,"s:45:50:45:Infinity":22,"s:46:52:46:Infinity":23,"s:47:48:47:Infinity":24,"s:48:46:48:Infinity":25,"s:49:46:49:Infinity":26,"s:50:52:50:Infinity":27,"s:51:54:51:Infinity":28,"s:53:40:53:Infinity":29,"s:54:42:54:Infinity":30,"s:55:44:55:Infinity":31,"s:57:44:57:Infinity":32,"s:58:52:58:Infinity":33,"s:59:56:59:Infinity":34,"s:60:50:60:Infinity":35,"s:61:58:61:Infinity":36,"s:62:46:62:Infinity":37,"s:63:50:63:Infinity":38,"s:64:50:64:Infinity":39,"s:65:60:65:Infinity":40,"s:66:58:66:Infinity":41,"s:67:50:67:Infinity":42,"s:68:64:68:Infinity":43,"s:70:44:70:Infinity":44,"s:71:10:71:Infinity":45,"s:72:10:72:Infinity":46,"s:74:52:80:Infinity":47,"s:81:62:81:Infinity":48,"s:83:10:87:Infinity":49,"f:83:31:83:37":2,"s:84:45:84:Infinity":50,"s:85:8:85:Infinity":51,"f:85:25:85:26":3,"s:85:33:85:54":52,"s:86:8:86:Infinity":53,"s:89:4:92:Infinity":54,"f:89:14:89:20":4,"s:90:8:90:Infinity":55,"f:90:57:90:63":5,"s:90:63:90:72":56,"s:91:8:91:Infinity":57,"f:91:51:91:57":6,"s:91:57:91:66":58,"s:94:4:96:Infinity":59,"f:94:14:94:20":7,"s:95:8:95:Infinity":60,"s:99:4:114:Infinity":61,"f:99:14:99:20":8,"b:100:8:104:Infinity:undefined:undefined:undefined:undefined":1,"s:100:8:104:Infinity":62,"s:101:12:101:Infinity":63,"s:102:12:102:Infinity":64,"s:103:12:103:Infinity":65,"s:105:22:105:Infinity":66,"s:106:25:112:Infinity":67,"f:106:44:106:50":9,"s:107:28:107:Infinity":68,"s:108:12:108:Infinity":69,"s:109:29:109:Infinity":70,"s:110:26:110:Infinity":71,"s:111:12:111:Infinity":72,"s:113:8:113:Infinity":73,"f:113:15:113:21":10,"s:113:21:113:Infinity":74,"s:117:4:133:Infinity":75,"f:117:14:117:20":11,"b:118:8:122:Infinity:undefined:undefined:undefined:undefined":2,"s:118:8:122:Infinity":76,"s:119:12:119:Infinity":77,"s:120:12:120:Infinity":78,"s:121:12:121:Infinity":79,"s:123:22:123:Infinity":80,"s:124:25:131:Infinity":81,"f:124:44:124:50":12,"s:125:28:125:Infinity":82,"s:126:12:126:Infinity":83,"s:127:26:127:Infinity":84,"b:127:26:127:64:127:64:127:Infinity":3,"s:128:29:128:Infinity":85,"s:129:26:129:Infinity":86,"s:130:12:130:Infinity":87,"s:132:8:132:Infinity":88,"f:132:15:132:21":13,"s:132:21:132:Infinity":89,"s:136:4:159:Infinity":90,"f:136:14:136:20":14,"s:137:32:147:Infinity":91,"f:137:32:137:33":15,"b:138:12:138:Infinity:undefined:undefined:undefined:undefined":4,"s:138:12:138:Infinity":92,"s:138:36:138:Infinity":93,"s:139:50:139:Infinity":94,"s:140:26:140:Infinity":95,"s:141:30:141:Infinity":96,"s:142:12:146:Infinity":97,"f:142:30:142:31":16,"s:143:29:143:Infinity":98,"s:144:16:144:Infinity":99,"s:145:16:145:Infinity":100,"s:149:30:151:Infinity":101,"f:149:30:149:36":17,"s:150:12:150:Infinity":102,"s:153:8:153:Infinity":103,"s:154:8:154:Infinity":104,"s:155:8:158:Infinity":105,"f:155:15:155:21":18,"s:156:12:156:Infinity":106,"s:157:12:157:Infinity":107,"s:162:4:185:Infinity":108,"f:162:14:162:20":19,"b:163:8:168:Infinity:undefined:undefined:undefined:undefined":5,"s:163:8:168:Infinity":109,"s:164:12:164:Infinity":110,"s:165:12:165:Infinity":111,"s:166:12:166:Infinity":112,"s:167:12:167:Infinity":113,"s:170:8:184:Infinity":114,"f:171:18:171:19":20,"s:172:16:172:Infinity":115,"b:173:16:182:Infinity:undefined:undefined:undefined:undefined":6,"s:173:16:182:Infinity":116,"s:174:20:174:Infinity":117,"s:175:20:180:Infinity":118,"b:176:30:176:60:176:60:176:Infinity":7,"b:177:31:177:62:177:62:177:Infinity":8,"b:178:37:178:74:178:74:178:Infinity":9,"b:179:33:179:66:179:66:179:Infinity":10,"s:181:20:181:Infinity":119,"b:181:44:181:69:181:69:181:71":11,"f:184:19:184:25":21,"s:184:25:184:34":120,"s:187:4:198:Infinity":121,"f:187:14:187:20":22,"b:188:8:197:Infinity:undefined:undefined:undefined:undefined":12,"s:188:8:197:Infinity":122,"b:188:12:188:47:188:47:188:75":13,"s:189:28:189:Infinity":123,"s:190:12:195:Infinity":124,"b:191:22:191:46:191:46:191:Infinity":14,"b:192:23:192:48:192:48:192:Infinity":15,"b:193:29:193:60:193:60:193:Infinity":16,"b:194:25:194:52:194:52:194:Infinity":17,"s:196:12:196:Infinity":125,"b:196:36:196:56:196:56:196:58":18,"s:200:24:202:Infinity":126,"f:200:24:200:25":23,"s:201:8:201:Infinity":127,"b:201:26:201:35:201:35:201:42":19,"s:204:31:275:Infinity":128,"f:204:31:204:43":24,"b:205:8:205:Infinity:undefined:undefined:undefined:undefined":20,"s:205:8:205:Infinity":129,"s:205:37:205:Infinity":130,"s:206:8:206:Infinity":131,"s:207:8:207:Infinity":132,"s:208:8:208:Infinity":133,"s:209:8:209:Infinity":134,"s:210:8:210:Infinity":135,"s:211:8:211:Infinity":136,"s:212:8:274:Infinity":137,"s:213:28:224:Infinity":138,"b:214:61:214:68:214:68:214:Infinity":21,"s:225:29:225:Infinity":139,"s:226:12:226:Infinity":140,"b:226:28:226:48:226:48:226:50":22,"s:227:12:227:Infinity":141,"s:228:12:228:Infinity":142,"s:229:12:229:Infinity":143,"b:229:31:229:63:229:63:229:74":23,"s:230:12:236:Infinity":144,"b:232:22:232:Infinity:233:22:235:Infinity":24,"b:234:26:234:Infinity:235:26:235:Infinity":25,"s:238:18:238:Infinity":145,"b:238:39:238:59:238:59:238:63":26,"f:238:70:238:71":25,"s:238:77:238:86":146,"s:239:37:250:Infinity":147,"f:239:37:239:38":26,"s:240:33:240:Infinity":148,"b:240:40:240:60:240:60:240:62":27,"s:241:34:241:Infinity":149,"b:241:34:241:53:241:53:241:Infinity":28,"s:242:32:242:Infinity":150,"b:242:39:242:59:242:59:242:61":29,"s:243:33:243:Infinity":151,"b:243:40:243:60:243:60:243:62":30,"s:244:16:248:Infinity":152,"b:245:20:245:Infinity:246:20:246:Infinity:247:20:247:Infinity:248:20:248:Infinity":31,"s:252:32:252:Infinity":153,"f:252:55:252:56":27,"s:252:67:252:91":154,"s:253:35:253:Infinity":155,"f:253:58:253:59":28,"s:253:70:253:95":156,"b:255:12:259:Infinity:undefined:undefined:undefined:undefined":32,"s:255:12:259:Infinity":157,"b:255:16:255:31:255:31:255:47":33,"s:256:16:258:Infinity":158,"b:261:12:268:Infinity:undefined:undefined:undefined:undefined":34,"s:261:12:268:Infinity":159,"b:261:16:261:40:261:40:261:61:261:61:261:76:261:76:261:93":35,"s:262:16:267:Infinity":160,"s:263:32:263:Infinity":161,"s:264:20:264:Infinity":162,"s:266:20:266:Infinity":163,"s:269:12:269:Infinity":164,"s:271:12:271:Infinity":165,"b:271:26:271:42:271:42:271:71":36,"s:273:12:273:Infinity":166,"s:277:35:301:Infinity":167,"f:277:35:277:47":29,"b:278:8:278:Infinity:undefined:undefined:undefined:undefined":37,"s:278:8:278:Infinity":168,"s:278:22:278:Infinity":169,"s:279:8:279:Infinity":170,"s:280:8:300:Infinity":171,"s:282:16:286:Infinity":172,"b:283:22:283:Infinity:284:22:286:Infinity":38,"b:285:26:285:Infinity:286:26:286:Infinity":39,"s:287:29:291:Infinity":173,"b:290:32:290:55:290:55:290:Infinity":40,"s:292:12:292:Infinity":174,"b:293:12:295:Infinity:undefined:undefined:undefined:undefined":41,"s:293:12:295:Infinity":175,"s:294:16:294:Infinity":176,"s:297:12:297:Infinity":177,"b:297:26:297:42:297:42:297:72":42,"s:299:12:299:Infinity":178,"s:303:27:314:Infinity":179,"f:303:27:303:34":30,"b:304:8:304:Infinity:undefined:undefined:undefined:undefined":43,"s:304:8:304:Infinity":180,"b:304:12:304:27:304:27:304:38":44,"s:304:38:304:Infinity":181,"s:305:21:305:Infinity":182,"s:306:20:306:Infinity":183,"s:307:18:307:Infinity":184,"s:308:8:308:Infinity":185,"s:309:8:309:Infinity":186,"s:310:8:310:Infinity":187,"s:311:8:311:Infinity":188,"s:312:8:312:Infinity":189,"s:313:8:313:Infinity":190,"s:316:36:334:Infinity":191,"f:316:36:316:43":31,"s:317:8:317:Infinity":192,"s:318:8:318:Infinity":193,"s:319:8:333:Infinity":194,"s:320:29:320:Infinity":195,"s:321:12:321:Infinity":196,"s:322:12:328:Infinity":197,"b:324:22:324:Infinity:325:22:327:Infinity":45,"b:326:26:326:Infinity:327:26:327:Infinity":46,"s:330:12:330:Infinity":198,"b:330:31:330:47:330:47:330:80":47,"s:332:12:332:Infinity":199,"s:336:36:367:Infinity":200,"f:336:36:336:48":32,"b:337:8:337:Infinity:undefined:undefined:undefined:undefined":48,"s:337:8:337:Infinity":201,"s:337:29:337:Infinity":202,"s:338:8:338:Infinity":203,"s:339:8:339:Infinity":204,"s:340:8:340:Infinity":205,"s:341:8:341:Infinity":206,"s:342:8:342:Infinity":207,"s:343:8:366:Infinity":208,"s:344:37:344:Infinity":209,"b:344:49:344:87:344:87:344:88":49,"s:345:30:345:Infinity":210,"b:345:67:345:71:345:71:345:Infinity":50,"s:346:38:346:Infinity":211,"s:347:29:352:Infinity":212,"b:349:27:349:66:349:66:349:Infinity":51,"s:353:12:353:Infinity":213,"b:353:33:353:53:353:53:353:55":52,"s:354:12:354:Infinity":214,"s:355:12:355:Infinity":215,"b:355:38:355:63:355:63:355:67":53,"s:356:12:356:Infinity":216,"b:356:37:356:62:356:62:356:66":54,"s:357:12:357:Infinity":217,"b:357:33:357:60:357:60:357:62":55,"b:358:12:360:Infinity:undefined:undefined:undefined:undefined":56,"s:358:12:360:Infinity":218,"s:359:16:359:Infinity":219,"s:361:12:361:Infinity":220,"s:363:12:363:Infinity":221,"b:363:31:363:47:363:47:363:74":57,"s:365:12:365:Infinity":222,"s:369:30:376:Infinity":223,"f:369:30:369:31":33,"s:370:8:370:Infinity":224,"s:371:8:375:Infinity":225,"b:374:24:374:49:374:49:374:Infinity":58,"s:378:33:394:Infinity":226,"f:378:33:378:34":34,"b:379:8:393:Infinity:387:15:393:Infinity":59,"s:379:8:393:Infinity":227,"s:380:12:383:Infinity":228,"f:380:34:380:35":35,"s:380:45:383:14":229,"s:384:12:384:Infinity":230,"s:385:12:385:Infinity":231,"s:386:12:386:Infinity":232,"s:388:12:388:Infinity":233,"s:389:12:389:Infinity":234,"s:390:12:390:Infinity":235,"s:391:12:391:Infinity":236,"s:392:12:392:Infinity":237,"s:396:34:401:Infinity":238,"f:396:34:396:35":36,"s:397:8:397:Infinity":239,"f:397:22:397:23":37,"s:397:32:397:70":240,"f:397:44:397:45":38,"s:397:56:397:69":241,"b:398:8:400:Infinity:undefined:undefined:undefined:undefined":60,"s:398:8:400:Infinity":242,"s:399:12:399:Infinity":243,"s:403:34:408:Infinity":244,"f:403:34:403:40":39,"s:404:8:404:Infinity":245,"b:405:8:407:Infinity:undefined:undefined:undefined:undefined":61,"s:405:8:407:Infinity":246,"s:406:12:406:Infinity":247,"s:411:8:419:Infinity":248,"b:412:14:416:Infinity:417:14:419:Infinity":62,"b:413:18:413:Infinity:414:18:416:Infinity":63,"b:415:22:415:Infinity:416:22:416:Infinity":64,"b:418:18:418:Infinity:419:18:419:Infinity":65,"s:422:8:432:Infinity":249,"b:423:14:427:Infinity:428:14:432:Infinity":66,"b:424:18:424:Infinity:425:18:427:Infinity":67,"b:426:22:426:Infinity:427:22:427:Infinity":68,"b:429:18:429:Infinity:430:18:432:Infinity":69,"b:431:22:431:Infinity:432:22:432:Infinity":70,"s:434:4:506:Infinity":250}}}
}
